#
# A fatal error has been detected by the Java Runtime Environment:
#
#  Internal Error (jvmciRuntime.cpp:1609), pid=55, tid=82
#  fatal error: Fatal exception in JVMCI: Error calling jdk.vm.ci.services.Services.serializeSavedProperties
#
# JRE version: OpenJDK Runtime Environment GraalVM CE 22.3.0 (17.0.5+8) (build 17.0.5+8-jvmci-22.3-b08)
# Java VM: OpenJDK 64-Bit Server VM GraalVM CE 22.3.0 (17.0.5+8-jvmci-22.3-b08, mixed mode, sharing, tiered, jvmci, jvmci compiler, compressed oops, compressed class ptrs, parallel gc, linux-amd64)
# Problematic frame:
# V  [libjvm.so+0x972714]  JVMCIRuntime::fatal_exception(JVMCIEnv*, char const*)+0x74
#
# Core dump will be written. Default location: Core dumps may be processed with "/usr/share/apport/apport -p%p -s%s -c%c -d%d -P%P -u%u -g%g -- %E" (or dumping to /home/runner/41/core.55)
#
# If you would like to submit a bug report, please visit:
#   https://github.com/oracle/graal/issues
#

---------------  S U M M A R Y ------------

Command Line: -XX:ThreadPriorityPolicy=1 -XX:+UnlockExperimentalVMOptions -XX:+EnableJVMCIProduct -XX:JVMCIThreadsPerNativeLibraryRuntime=1 -XX:-UnlockExperimentalVMOptions -Declipse.application=org.eclipse.jdt.ls.core.id1 -Dosgi.bundles.defaultStartLevel=4 -Declipse.product=org.eclipse.jdt.ls.core.product -Dlog.level=ALL -Xverify:none -XX:+UseParallelGC -XX:GCTimeRatio=4 -XX:AdaptiveSizePolicyWeight=90 -Dsun.zip.disableMemoryMapping=true -Xmx512m -Xms100m /nix/store/m6gcpi1ii6rghy04cjwjddcavv7i90df-jdt-language-server-1.9.0/share/java/plugins/org.eclipse.equinox.launcher_1.6.400.v20210924-0641.jar --add-modules=ALL-SYSTEM --add-opens java.base/java.util=ALL-UNNAMED --add-opens java.base/java.lang=ALL-UNNAMED -configuration /home/runner/.cache/jdt-language-server/config -data /home/runner/.cache/jdt-language-server/data/home/runner/41

Host: AMD EPYC 7B12, 8 cores, 1G, Ubuntu 20.04.2 LTS
Time: Wed May 17 09:42:47 2023 UTC elapsed time: 2115.104595 seconds (0d 0h 35m 15s)

---------------  T H R E A D  ---------------

Current thread (0x00007f90dc0b21b0):  JavaThread "JVMCI-native CompilerThread0" daemon [_thread_in_vm, id=82, stack(0x00007f90c2900000,0x00007f90c2b00000)]


Current CompileTask:
JVMCI-native:2115104 11727       4       org.eclipse.core.runtime.SubMonitor::isCanceled (20 bytes)

Stack: [0x00007f90c2900000,0x00007f90c2b00000],  sp=0x00007f90c2afe380,  free space=2040k
Native frames: (J=compiled Java code, j=interpreted, Vv=VM code, C=native code)
V  [libjvm.so+0x972714]  JVMCIRuntime::fatal_exception(JVMCIEnv*, char const*)+0x74
V  [libjvm.so+0x93e2fe]  JVMCIEnv::copy_saved_properties()+0x14e
V  [libjvm.so+0x9732a9]  JVMCIRuntime::initialize(JVMCIEnv*)+0xb19
V  [libjvm.so+0x9738a2]  JVMCIRuntime::get_HotSpotJVMCIRuntime(JVMCIEnv*)+0x12
V  [libjvm.so+0x9749f2]  JVMCIRuntime::compile_method(JVMCIEnv*, JVMCICompiler*, methodHandle const&, int)+0xd2
V  [libjvm.so+0x5b0d20]  CompileBroker::invoke_compiler_on_method(CompileTask*)+0x1470
V  [libjvm.so+0x5b12e8]  CompileBroker::compiler_thread_loop()+0x528
V  [libjvm.so+0xd82460]  JavaThread::thread_main_inner()+0xd0
V  [libjvm.so+0xd85a40]  Thread::call_run()+0xc0
V  [libjvm.so+0xbdb1e1]  thread_native_entry(Thread*)+0xe1

Register to memory mapping:

RAX=0x00007f90e2635000 points into unknown readable memory: 0x0000000000000058 | 58 00 00 00 00 00 00 00
RBX=0x00007f90e3730398: <offset 0x0000000000ef5398> in /nix/store/gpxl5qgg8kicmcvivwmybwjlpf7wh20l-graalvm17-ce-22.3.0/lib/server/libjvm.so at 0x00007f90e283b000
RCX=0x00007f90e36e81e8: <offset 0x0000000000ead1e8> in /nix/store/gpxl5qgg8kicmcvivwmybwjlpf7wh20l-graalvm17-ce-22.3.0/lib/server/libjvm.so at 0x00007f90e283b000
RDX=0x0000000000000649 is an unknown value
RSP=0x00007f90c2afe380 is pointing into the stack for thread: 0x00007f90dc0b21b0
RBP=0x00007f90c2afe3a0 is pointing into the stack for thread: 0x00007f90dc0b21b0
RSI=0x00007f90e3730c48: <offset 0x0000000000ef5c48> in /nix/store/gpxl5qgg8kicmcvivwmybwjlpf7wh20l-graalvm17-ce-22.3.0/lib/server/libjvm.so at 0x00007f90e283b000
RDI=0x00000000e0000000 is an oop: [I 
{0x00000000e0000000} - klass: {type array int}
 - length: 128
R8 =0x00007f90e3730398: <offset 0x0000000000ef5398> in /nix/store/gpxl5qgg8kicmcvivwmybwjlpf7wh20l-graalvm17-ce-22.3.0/lib/server/libjvm.so at 0x00007f90e283b000
R9 =0x00007f90c2afe330 is pointing into the stack for thread: 0x00007f90dc0b21b0
R10=0x00007f90c2aff948 is pointing into the stack for thread: 0x00007f90dc0b21b0
R11=0x0000000000000293 is an unknown value
R12=0x0 is NULL
R13=0x00007f90dc0b21b0 is a thread
R14=0x00007f90dc000b80 points into unknown readable memory: 0x00007f90e3961a38 | 38 1a 96 e3 90 7f 00 00
R15=0x00007f90e3a6fe40: <offset 0x0000000001234e40> in /nix/store/gpxl5qgg8kicmcvivwmybwjlpf7wh20l-graalvm17-ce-22.3.0/lib/server/libjvm.so at 0x00007f90e283b000


Registers:
RAX=0x00007f90e2635000, RBX=0x00007f90e3730398, RCX=0x00007f90e36e81e8, RDX=0x0000000000000649
RSP=0x00007f90c2afe380, RBP=0x00007f90c2afe3a0, RSI=0x00007f90e3730c48, RDI=0x00000000e0000000
R8 =0x00007f90e3730398, R9 =0x00007f90c2afe330, R10=0x00007f90c2aff948, R11=0x0000000000000293
R12=0x0000000000000000, R13=0x00007f90dc0b21b0, R14=0x00007f90dc000b80, R15=0x00007f90e3a6fe40
RIP=0x00007f90e31ad714, EFLAGS=0x0000000000010206, CSGSFS=0x002b000000000033, ERR=0x0000000000000006
  TRAPNO=0x000000000000000e

Top of Stack: (sp=0x00007f90c2afe380)
0x00007f90c2afe380:   00007f90c2afe940 00007f90dc0b21b0
0x00007f90c2afe390:   00007f90e0fc68c8 0000000800c417a0
0x00007f90c2afe3a0:   00007f90c2afe500 00007f90e31792fe
0x00007f90c2afe3b0:   00007f90c2afe3e0 00007f90c2afe440 

Instructions: (pc=0x00007f90e31ad714)
0x00007f90e31ad614:   30 e8 f6 cf e8 ff 4c 89 e7 e8 2e 48 d1 ff 84 db
0x00007f90e31ad624:   75 2a 4d 85 ed 74 04 4d 8b 6d 00 48 83 c4 08 44
0x00007f90e31ad634:   89 f9 4c 89 f2 4c 89 ee 5b 4c 89 e7 41 5c 41 5d
0x00007f90e31ad644:   41 5e 41 5f 5d e9 e2 47 d1 ff 66 90 48 83 c4 08
0x00007f90e31ad654:   5b 41 5c 41 5d 41 5e 41 5f 5d c3 90 31 d2 be 08
0x00007f90e31ad664:   00 00 00 4c 89 ff e8 b1 78 a3 ff 49 89 c5 e9 37
0x00007f90e31ad674:   ff ff ff 66 0f 1f 84 00 00 00 00 00 48 8b 7a 08
0x00007f90e31ad684:   e9 6d ff ff ff 0f 1f 80 00 00 00 00 e8 5b 48 0a
0x00007f90e31ad694:   00 84 c0 75 89 e9 6a ff ff ff 66 90 55 48 89 e5
0x00007f90e31ad6a4:   41 56 41 55 41 54 49 89 fc 53 48 89 f3 66 48 8d
0x00007f90e31ad6b4:   3d 27 5e 85 00 66 66 48 e8 df 43 8d ff 4c 8b 28
0x00007f90e31ad6c4:   8b 05 be 72 8a 00 85 c0 75 14 ba 01 00 00 00 48
0x00007f90e31ad6d4:   8d 0d ae 72 8a 00 f0 0f b1 11 85 c0 74 4e be c8
0x00007f90e31ad6e4:   00 00 00 4c 89 ef e8 01 0b 41 00 48 8d 05 12 ac
0x00007f90e31ad6f4:   85 00 49 89 d8 48 8d 0d e8 aa 53 00 ba 49 06 00
0x00007f90e31ad704:   00 48 8d 35 3c 35 58 00 bf 00 00 00 e0 48 8b 00
0x00007f90e31ad714:   c6 00 58 31 c0 e8 e2 91 c6 ff 5b 41 5c 41 5d 41
0x00007f90e31ad724:   5e 5d e9 55 34 26 00 0f 1f 44 00 00 48 8d 05 81
0x00007f90e31ad734:   a3 8b 00 48 89 df 4c 8b 30 e8 9e 43 8d ff 48 89
0x00007f90e31ad744:   de 48 89 c2 49 8b 06 4c 89 f7 ff 50 08 4c 89 f7
0x00007f90e31ad754:   e8 a7 5c 27 00 4d 85 e4 74 12 be 01 00 00 00 4c
0x00007f90e31ad764:   89 e7 e8 35 43 fc ff eb 82 0f 1f 00 be 01 00 00
0x00007f90e31ad774:   00 4c 89 ef e8 d3 fd ff ff e9 6d ff ff ff 66 66
0x00007f90e31ad784:   2e 0f 1f 84 00 00 00 00 00 0f 1f 00 55 48 89 e5
0x00007f90e31ad794:   41 57 41 56 41 55 41 54 53 48 81 ec 08 02 00 00
0x00007f90e31ad7a4:   64 48 8b 04 25 28 00 00 00 48 89 45 c8 8b 07 83
0x00007f90e31ad7b4:   f8 02 0f 84 11 04 00 00 4c 8b 6f 18 49 89 ff 49
0x00007f90e31ad7c4:   89 f4 4d 85 ed 74 14 4c 89 ef e8 5d 57 22 00 41
0x00007f90e31ad7d4:   8b 07 83 f8 02 0f 84 19 04 00 00 48 8d 1d 9a 06
0x00007f90e31ad7e4:   8a 00 4c 8d 35 0b 3c 58 00 eb 38 90 48 85 d2 7f
0x00007f90e31ad7f4:   0d 48 8d 05 b4 c0 85 00 48 83 38 00 7e 0e 41 8b
0x00007f90e31ad804:   77 2c 4c 89 f7 31 c0 e8 a0 b2 f7 ff 49 8b 7f 18 


Stack slot to memory mapping:
stack at sp + 0 slots: 0x00007f90c2afe940 is pointing into the stack for thread: 0x00007f90dc0b21b0
stack at sp + 1 slots: 0x00007f90dc0b21b0 is a thread
stack at sp + 2 slots: 0x00007f90e0fc68c8 points into unknown readable memory: 0x6573001811a7ffff | ff ff a7 11 18 00 73 65
stack at sp + 3 slots: 0x0000000800c417a0 is a pointer to class: 
jdk.vm.ci.services.Services {0x0000000800c417a0}
 - instance size:     2
 - klass size:        65
 - access:            public final synchronized 
 - state:             fully_initialized
 - name:              'jdk/vm/ci/services/Services'
 - super:             'java/lang/Object'
 - sub:               
 - arrays:            NULL
 - methods:           Array<T>(0x00007f90c2c43120)
 - method ordering:   Array<T>(0x0000000800928960)
 - default_methods:   Array<T>(0x0000000000000000)
 - local interfaces:  Array<T>(0x00000008005ce810)
 - trans. interfaces: Array<T>(0x00000008005ce810)
 - constants:         constant pool [427] {0x00007f90c2c41f60} for 'jdk/vm/ci/services/Services' cache=0x00007f90c2c44460
 - class loader data:  loader data: 0x00007f90dc0283d0 of 'bootstrap'
 - source file:       'Services.java'
 - class annotations:       Array<T>(0x0000000000000000)
 - class type annotations:  Array<T>(0x0000000000000000)
 - field annotations:       Array<T>(0x0000000000000000)
 - field type annotations:  Array<T>(0x0000000000000000)
 - inner classes:     Array<T>(0x00007f90c2c443c0)
 - nest members:     Array<T>(0x00007f90c2c443e0)
 - permitted subclasses:     Array<T>(0x00000008005ce7a0)
 - java mirror:       a 'java/lang/Class'{0x00000000e0176060} = 'jdk/vm/ci/services/Services'
 - vtable length      5  (start addr: 0x0000000800c41970)
 - itable length      2 (start addr: 0x0000000800c41998)
 - ---- static fields (3 words):
 - public static final 'IS_BUILDING_NATIVE_IMAGE' 'Z' @128 
 - public static final 'IS_IN_NATIVE_IMAGE' 'Z' @129 
 - private static volatile 'savedProperties' 'Ljava/util/Map;' @112 
 - static final 'JVMCI_ENABLED' 'Z' @130 
 - private static final 'servicesCache' 'Ljava/util/Map;' @116 
 - private static final 'MAX_UNICODE_IN_UTF8_LENGTH' 'I' @120 
 - private static final 'MAX_UTF8_PROPERTY_STRING_LENGTH' 'I' @124 
 - ---- non-static fields (0 words):
 - non-static oop maps: 
stack at sp + 4 slots: 0x00007f90c2afe500 is pointing into the stack for thread: 0x00007f90dc0b21b0
stack at sp + 5 slots: 0x00007f90e31792fe: <offset 0x000000000093e2fe> in /nix/store/gpxl5qgg8kicmcvivwmybwjlpf7wh20l-graalvm17-ce-22.3.0/lib/server/libjvm.so at 0x00007f90e283b000
stack at sp + 6 slots: 0x00007f90c2afe3e0 is pointing into the stack for thread: 0x00007f90dc0b21b0
stack at sp + 7 slots: 0x00007f90c2afe440 is pointing into the stack for thread: 0x00007f90dc0b21b0


---------------  P R O C E S S  ---------------

Threads class SMR info:
_java_thread_list=0x00007f9018000c70, length=31, elements={
0x00007f90dc026670, 0x00007f90dc0a64b0, 0x00007f90dc0a78f0, 0x00007f90dc0ae020,
0x00007f90dc0af3d0, 0x00007f90dc0b07c0, 0x00007f90dc0b21b0, 0x00007f90dc0b36c0,
0x00007f90dc0b4b10, 0x00007f90dc0e0260, 0x00007f90dc127c20, 0x00007f90dc314050,
0x00007f90dc347c60, 0x00007f90dc349ba0, 0x00007f90dc3762b0, 0x00007f9070016de0,
0x00007f90702a9360, 0x00007f90705f78a0, 0x00007f90dc478e60, 0x00007f90dc3b59b0,
0x00007f9064300860, 0x00007f905c042260, 0x00007f9030045f20, 0x00007f904c0e3d80,
0x00007f9040008570, 0x00007f9048001130, 0x00007f904417b100, 0x00007f904c0e7e90,
0x00007f904c18a1f0, 0x00007f904c191da0, 0x00007f904c0667d0
}

Java Threads: ( => current thread )
  0x00007f90dc026670 JavaThread "main" [_thread_blocked, id=73, stack(0x00007f90e2656000,0x00007f90e2756000)]
  0x00007f90dc0a64b0 JavaThread "Reference Handler" daemon [_thread_blocked, id=77, stack(0x00007f90e066d000,0x00007f90e076d000)]
  0x00007f90dc0a78f0 JavaThread "Finalizer" daemon [_thread_blocked, id=78, stack(0x00007f90e056d000,0x00007f90e066d000)]
  0x00007f90dc0ae020 JavaThread "Signal Dispatcher" daemon [_thread_blocked, id=79, stack(0x00007f90e0187000,0x00007f90e0287000)]
  0x00007f90dc0af3d0 JavaThread "Service Thread" daemon [_thread_blocked, id=80, stack(0x00007f90e0087000,0x00007f90e0187000)]
  0x00007f90dc0b07c0 JavaThread "Monitor Deflation Thread" daemon [_thread_blocked, id=81, stack(0x00007f90c2b00000,0x00007f90c2c00000)]
=>0x00007f90dc0b21b0 JavaThread "JVMCI-native CompilerThread0" daemon [_thread_in_vm, id=82, stack(0x00007f90c2900000,0x00007f90c2b00000)]
  0x00007f90dc0b36c0 JavaThread "C1 CompilerThread0" daemon [_thread_blocked, id=83, stack(0x00007f90c2700000,0x00007f90c2900000)]
  0x00007f90dc0b4b10 JavaThread "Sweeper thread" daemon [_thread_blocked, id=84, stack(0x00007f90c2600000,0x00007f90c2700000)]
  0x00007f90dc0e0260 JavaThread "Common-Cleaner" daemon [_thread_blocked, id=85, stack(0x00007f90c2500000,0x00007f90c2600000)]
  0x00007f90dc127c20 JavaThread "Notification Thread" daemon [_thread_blocked, id=89, stack(0x00007f90c2400000,0x00007f90c2500000)]
  0x00007f90dc314050 JavaThread "Active Thread: Equinox Container: 7ffe33c4-16c0-4bb2-9abd-07cfc65aadf9" [_thread_blocked, id=128, stack(0x00007f90c1000000,0x00007f90c1100000)]
  0x00007f90dc347c60 JavaThread "Framework Event Dispatcher: Equinox Container: 7ffe33c4-16c0-4bb2-9abd-07cfc65aadf9" daemon [_thread_blocked, id=130, stack(0x00007f90c0e00000,0x00007f90c0f00000)]
  0x00007f90dc349ba0 JavaThread "Start Level: Equinox Container: 7ffe33c4-16c0-4bb2-9abd-07cfc65aadf9" daemon [_thread_blocked, id=131, stack(0x00007f90c0c00000,0x00007f90c0d00000)]
  0x00007f90dc3762b0 JavaThread "Refresh Thread: Equinox Container: 7ffe33c4-16c0-4bb2-9abd-07cfc65aadf9" daemon [_thread_blocked, id=132, stack(0x00007f90c0a00000,0x00007f90c0b00000)]
  0x00007f9070016de0 JavaThread "SCR Component Actor" daemon [_thread_blocked, id=141, stack(0x00007f90c0800000,0x00007f90c0900000)]
  0x00007f90702a9360 JavaThread "Worker-JM" [_thread_blocked, id=150, stack(0x00007f90c0400000,0x00007f90c0500000)]
  0x00007f90705f78a0 JavaThread "Bundle File Closer" daemon [_thread_blocked, id=155, stack(0x00007f9089900000,0x00007f9089a00000)]
  0x00007f90dc478e60 JavaThread "pool-3-thread-1" [_thread_blocked, id=156, stack(0x00007f9089700000,0x00007f9089800000)]
  0x00007f90dc3b59b0 JavaThread "pool-2-thread-1" [_thread_blocked, id=164, stack(0x00007f9089300000,0x00007f9089400000)]
  0x00007f9064300860 JavaThread "Worker-5: Java indexing... " [_thread_blocked, id=185, stack(0x00007f9088e00000,0x00007f9088f00000)]
  0x00007f905c042260 JavaThread "Java indexing" daemon [_thread_blocked, id=361, stack(0x00007f90c0600000,0x00007f90c0700000)]
  0x00007f9030045f20 JavaThread "Worker-7" [_thread_blocked, id=1521, stack(0x00007f9089500000,0x00007f9089600000)]
  0x00007f904c0e3d80 JavaThread "Thread-16" [_thread_blocked, id=1598, stack(0x00007f90c0200000,0x00007f90c0300000)]
  0x00007f9040008570 JavaThread "Worker-8: Publish Diagnostics" [_thread_blocked, id=1605, stack(0x00007f9088f00000,0x00007f9089000000)]
  0x00007f9048001130 JavaThread "Worker-9: Compacting resource model" [_thread_blocked, id=1606, stack(0x00007f9089b00000,0x00007f9089c00000)]
  0x00007f904417b100 JavaThread "Worker-10: Refreshing workspace" [_thread_blocked, id=1629, stack(0x00007f90c0b00000,0x00007f90c0c00000)]
  0x00007f904c0e7e90 JavaThread "Thread-33" [_thread_blocked, id=1660, stack(0x00007f9088d00000,0x00007f9088e00000)]
  0x00007f904c18a1f0 JavaThread "Thread-36" [_thread_blocked, id=1714, stack(0x00007f90c0700000,0x00007f90c0800000)]
  0x00007f904c191da0 JavaThread "Thread-37" [_thread_blocked, id=1715, stack(0x00007f90c1e00000,0x00007f90c1f00000)]
  0x00007f904c0667d0 JavaThread "Thread-38" [_thread_blocked, id=1720, stack(0x00007f90c1d00000,0x00007f90c1e00000)]

Other Threads:
  0x00007f90dc0a1bf0 VMThread "VM Thread" [stack: 0x00007f90e076f000,0x00007f90e086f000] [id=75] _threads_hazard_ptr=0x00007f9018000c70
  0x00007f90dc1299b0 WatcherThread [stack: 0x00007f90c2300000,0x00007f90c2400000] [id=90]
  0x00007f90dc03df10 GCTaskThread "GC Thread#0" [stack: 0x00007f90e2219000,0x00007f90e2319000] [id=74]

Threads with active compile tasks:
JVMCI-native CompilerThread0  2115165 11727       4       org.eclipse.core.runtime.SubMonitor::isCanceled (20 bytes)

VM state: synchronizing (normal execution)

VM Mutex/Monitor currently owned by a thread:  ([mutex/lock_event])
[0x00007f90dc023820] Threads_lock - owner thread: 0x00007f90dc0a1bf0
[0x00007f90dc023fd0] Heap_lock - owner thread: 0x00007f904c0667d0

OutOfMemory and StackOverflow Exception counts:
OutOfMemoryError java_heap_errors=3
LinkageErrors=57

Heap address: 0x00000000e0000000, size: 512 MB, Compressed Oops mode: 32-bit

CDS archive(s) mapped at: [0x0000000800000000-0x0000000800bc8000-0x0000000800bc8000), size 12353536, SharedBaseAddress: 0x0000000800000000, ArchiveRelocationMode: 0.
Compressed class space mapped at: 0x0000000800c00000-0x0000000840c00000, reserved size: 1073741824
Narrow klass base: 0x0000000800000000, Narrow klass shift: 0, Narrow klass range: 0x100000000

GC Precious Log:
 CPUs: 8 total, 1 available
 Memory: 1024M
 Large Page Support: Disabled
 NUMA Support: Disabled
 Compressed Oops: Enabled (32-bit)
 Alignments: Space 512K, Generation 512K, Heap 2M
 Heap Min Capacity: 100M
 Heap Initial Capacity: 100M
 Heap Max Capacity: 512M
 Pre-touch: Disabled
 Parallel Workers: 1

Heap:
 PSYoungGen      total 15360K, used 10752K [0x00000000f5580000, 0x00000000f6a00000, 0x0000000100000000)
  eden space 10752K, 100% used [0x00000000f5580000,0x00000000f6000000,0x00000000f6000000)
  from space 4608K, 0% used [0x00000000f6480000,0x00000000f6480000,0x00000000f6900000)
  to   space 4608K, 0% used [0x00000000f6000000,0x00000000f6000000,0x00000000f6480000)
 ParOldGen       total 349696K, used 349695K [0x00000000e0000000, 0x00000000f5580000, 0x00000000f5580000)
  object space 349696K, 99% used [0x00000000e0000000,0x00000000f557fff8,0x00000000f5580000)
 Metaspace       used 64798K, committed 65664K, reserved 1114112K
  class space    used 6149K, committed 6528K, reserved 1048576K

Card table byte_map: [0x00007f90e2319000,0x00007f90e241a000] _byte_map_base: 0x00007f90e1c19000

Marking Bits: (ParMarkBitMap*) 0x00007f90e3a694c0
 Begin Bits: [0x00007f90e116c000, 0x00007f90e196c000)
 End Bits:   [0x00007f90e196c000, 0x00007f90e216c000)

Polling page: 0x00007f90e2633000

Metaspace:

Usage:
  Non-class:     57.27 MB used.
      Class:      6.00 MB used.
       Both:     63.28 MB used.

Virtual space:
  Non-class space:       64.00 MB reserved,      57.75 MB ( 90%) committed,  8 nodes.
      Class space:        1.00 GB reserved,       6.38 MB ( <1%) committed,  1 nodes.
             Both:        1.06 GB reserved,      64.12 MB (  6%) committed. 

Chunk freelists:
   Non-Class:  2.08 MB
       Class:  1.61 MB
        Both:  3.68 MB

MaxMetaspaceSize: unlimited
CompressedClassSpaceSize: 1.00 GB
Initial GC threshold: 21.00 MB
Current GC threshold: 106.81 MB
CDS: on
MetaspaceReclaimPolicy: balanced
 - commit_granule_bytes: 65536.
 - commit_granule_words: 8192.
 - virtual_space_node_default_size: 1048576.
 - enlarge_chunks_in_place: 1.
 - new_chunks_are_fully_committed: 0.
 - uncommit_free_chunks: 1.
 - use_allocation_guard: 0.
 - handle_deallocations: 1.


Internal statistics:

num_allocs_failed_limit: 6.
num_arena_births: 456.
num_arena_deaths: 114.
num_vsnodes_births: 9.
num_vsnodes_deaths: 0.
num_space_committed: 1022.
num_space_uncommitted: 0.
num_chunks_returned_to_freelist: 154.
num_chunks_taken_from_freelist: 2977.
num_chunk_merges: 54.
num_chunk_splits: 1914.
num_chunks_enlarged: 1242.
num_purges: 12.
num_inconsistent_stats: 0.

CodeHeap 'non-profiled nmethods': size=120036Kb used=3461Kb max_used=3461Kb free=116574Kb
 bounds [0x00007f90caf7a000, 0x00007f90cb2ea000, 0x00007f90d24b3000]
CodeHeap 'profiled nmethods': size=120032Kb used=19982Kb max_used=20899Kb free=100049Kb
 bounds [0x00007f90c3a42000, 0x00007f90c4f22000, 0x00007f90caf7a000]
CodeHeap 'non-nmethods': size=5692Kb used=1462Kb max_used=1463Kb free=4229Kb
 bounds [0x00007f90c34b3000, 0x00007f90c3723000, 0x00007f90c3a42000]
 total_blobs=9191 nmethods=8385 adapters=630
 compilation: enabled
              stopped_count=0, restarted_count=0
 full_count=0

JVMCI Events (20 events):
Event: 1878.314 Thread 0x00007f90dc0b21b0 destroyed JavaVM[17]@0x00007f908879e340 for JVMCI runtime 0
Event: 1878.314 Thread 0x00007f90dc0b21b0 compacted oop handles in JVMCI runtime 0 from 51 to 51
Event: 1878.314 Thread 0x00007f90dc0b21b0 releasing handles for JVMCI runtime 0: oop handles=51, metadata handles={total=105, live=100, blocks=48}
Event: 1878.314 Thread 0x00007f90dc0b21b0 detached from JVMCI runtime 0
Event: 1913.592 Thread 0x00007f90dc0b21b0 attached to JVMCI runtime 0
Event: 1913.593 Thread 0x00007f90dc0b21b0 created JavaVM[18]@0x00007f908879e340 for JVMCI runtime 0
Event: 1914.669 Thread 0x00007f90dc0b21b0 initializing JVMCI runtime 0
Event: 1914.669 Thread 0x00007f90dc0b21b0 done waiting for JavaVM references initialization in JVMCI runtime 0
Event: 1927.591 Thread 0x00007f90dc0b21b0 initialized JVMCI runtime 0
Event: 1929.697 Thread 0x00007f90dc0b21b0 detaching from JVMCI runtime 0: releasing idle compiler thread (0 other threads still attached)
Event: 1929.697 Thread 0x00007f90dc0b21b0 shutting down HotSpotJVMCIRuntime for JVMCI runtime 0
Event: 1929.697 Thread 0x00007f90dc0b21b0 shut down JVMCI runtime 0
Event: 1930.750 Thread 0x00007f90dc0b21b0 destroyed JavaVM[18]@0x00007f908879e340 for JVMCI runtime 0
Event: 1930.750 Thread 0x00007f90dc0b21b0 compacted oop handles in JVMCI runtime 0 from 50 to 50
Event: 1930.750 Thread 0x00007f90dc0b21b0 releasing handles for JVMCI runtime 0: oop handles=50, metadata handles={total=96, live=83, blocks=48}
Event: 1930.750 Thread 0x00007f90dc0b21b0 detached from JVMCI runtime 0
Event: 2040.365 Thread 0x00007f90dc0b21b0 attached to JVMCI runtime 0
Event: 2040.366 Thread 0x00007f90dc0b21b0 created JavaVM[19]@0x00007f908879e340 for JVMCI runtime 0
Event: 2041.281 Thread 0x00007f90dc0b21b0 initializing JVMCI runtime 0
Event: 2041.281 Thread 0x00007f90dc0b21b0 done waiting for JavaVM references initialization in JVMCI runtime 0

Compilation events (20 events):
Event: 1747.449 Thread 0x00007f90dc0b36c0 nmethod 11718 0x00007f90c458f910 code [0x00007f90c458fae0, 0x00007f90c458ff60]
Event: 1747.449 Thread 0x00007f90dc0b36c0 11719       3       org.eclipse.jdt.internal.compiler.lookup.CompilationUnitScope::<init> (15 bytes)
Event: 1749.495 Thread 0x00007f90dc0b36c0 nmethod 11719 0x00007f90c43f1510 code [0x00007f90c43f16c0, 0x00007f90c43f1820]
Event: 1764.694 Thread 0x00007f90dc0b36c0 11721       3       org.eclipse.jdt.internal.compiler.lookup.PackageBinding::isExported (63 bytes)
Event: 1765.657 Thread 0x00007f90dc0b36c0 nmethod 11721 0x00007f90c4722b10 code [0x00007f90c4722ce0, 0x00007f90c47231a0]
Event: 1820.193 Thread 0x00007f90dc0b21b0 11722  s    4       java.lang.StringBuffer::append (13 bytes)
Event: 1873.992 Thread 0x00007f90dc0b36c0 11723       3       java.util.concurrent.ScheduledThreadPoolExecutor$ScheduledFutureTask::isPeriodic (15 bytes)
Event: 1875.057 Thread 0x00007f90dc0b36c0 nmethod 11723 0x00007f90c4a69b90 code [0x00007f90c4a69d20, 0x00007f90c4a69e90]
Event: 1877.256 Thread 0x00007f90dc0b21b0 nmethod 11722 0x00007f90cb2da810 code [0x00007f90cb2da9c0, 0x00007f90cb2db0c0]
Event: 1909.755 Thread 0x00007f90dc0b36c0 11724       3       org.eclipse.jdt.internal.compiler.problem.ProblemReporter::validateRestrictedKeywords (11 bytes)
Event: 1909.755 Thread 0x00007f90dc0b36c0 nmethod 11724 0x00007f90c499c490 code [0x00007f90c499c640, 0x00007f90c499c7a0]
Event: 1913.592 Thread 0x00007f90dc0b21b0 11725       4       java.util.concurrent.locks.AbstractQueuedSynchronizer$ConditionObject::signal (34 bytes)
Event: 1928.662 Thread 0x00007f90dc0b21b0 nmethod 11725 0x00007f90cb2db390 code [0x00007f90cb2db500, 0x00007f90cb2db5e8]
Event: 1952.663 Thread 0x00007f90dc0b36c0 11726       3       java.lang.StringBuffer::<init> (6 bytes)
Event: 1953.557 Thread 0x00007f90dc0b36c0 nmethod 11726 0x00007f90c4adf490 code [0x00007f90c4adf640, 0x00007f90c4adf780]
Event: 2040.365 Thread 0x00007f90dc0b21b0 11727       4       org.eclipse.core.runtime.SubMonitor::isCanceled (20 bytes)
Event: 2071.093 Thread 0x00007f90dc0b36c0 11728       3       org.eclipse.jdt.internal.compiler.lookup.CompilationUnitScope::connectTypeHierarchy (63 bytes)
Event: 2071.093 Thread 0x00007f90dc0b36c0 nmethod 11728 0x00007f90c4991590 code [0x00007f90c4991780, 0x00007f90c4991b50]
Event: 2071.093 Thread 0x00007f90dc0b36c0 11729       3       org.eclipse.jdt.internal.compiler.lookup.CompilationUnitScope::checkParameterizedTypes (53 bytes)
Event: 2071.094 Thread 0x00007f90dc0b36c0 nmethod 11729 0x00007f90c4cbfd10 code [0x00007f90c4cbff00, 0x00007f90c4cc02b0]

GC Heap History (20 events):
Event: 2106.458 GC heap before
{Heap before GC invocations=1344 (full 1185):
 PSYoungGen      total 15360K, used 10751K [0x00000000f5580000, 0x00000000f6a00000, 0x0000000100000000)
  eden space 10752K, 99% used [0x00000000f5580000,0x00000000f5fffff8,0x00000000f6000000)
  from space 4608K, 0% used [0x00000000f6480000,0x00000000f6480000,0x00000000f6900000)
  to   space 4608K, 0% used [0x00000000f6000000,0x00000000f6000000,0x00000000f6480000)
 ParOldGen       total 349696K, used 349695K [0x00000000e0000000, 0x00000000f5580000, 0x00000000f5580000)
  object space 349696K, 99% used [0x00000000e0000000,0x00000000f557fd28,0x00000000f5580000)
 Metaspace       used 64798K, committed 65664K, reserved 1114112K
  class space    used 6149K, committed 6528K, reserved 1048576K
}
Event: 2107.497 GC heap after
{Heap after GC invocations=1344 (full 1185):
 PSYoungGen      total 15360K, used 10751K [0x00000000f5580000, 0x00000000f6a00000, 0x0000000100000000)
  eden space 10752K, 99% used [0x00000000f5580000,0x00000000f5ffffe0,0x00000000f6000000)
  from space 4608K, 0% used [0x00000000f6000000,0x00000000f6000000,0x00000000f6480000)
  to   space 4608K, 0% used [0x00000000f6480000,0x00000000f6480000,0x00000000f6900000)
 ParOldGen       total 349696K, used 349695K [0x00000000e0000000, 0x00000000f5580000, 0x00000000f5580000)
  object space 349696K, 99% used [0x00000000e0000000,0x00000000f557fcf8,0x00000000f5580000)
 Metaspace       used 64798K, committed 65664K, reserved 1114112K
  class space    used 6149K, committed 6528K, reserved 1048576K
}
Event: 2107.506 GC heap before
{Heap before GC invocations=1345 (full 1186):
 PSYoungGen      total 15360K, used 10751K [0x00000000f5580000, 0x00000000f6a00000, 0x0000000100000000)
  eden space 10752K, 99% used [0x00000000f5580000,0x00000000f5fffff8,0x00000000f6000000)
  from space 4608K, 0% used [0x00000000f6000000,0x00000000f6000000,0x00000000f6480000)
  to   space 4608K, 0% used [0x00000000f6480000,0x00000000f6480000,0x00000000f6900000)
 ParOldGen       total 349696K, used 349695K [0x00000000e0000000, 0x00000000f5580000, 0x00000000f5580000)
  object space 349696K, 99% used [0x00000000e0000000,0x00000000f557fcf8,0x00000000f5580000)
 Metaspace       used 64798K, committed 65664K, reserved 1114112K
  class space    used 6149K, committed 6528K, reserved 1048576K
}
Event: 2108.399 GC heap after
{Heap after GC invocations=1345 (full 1186):
 PSYoungGen      total 15360K, used 10751K [0x00000000f5580000, 0x00000000f6a00000, 0x0000000100000000)
  eden space 10752K, 99% used [0x00000000f5580000,0x00000000f5fffff8,0x00000000f6000000)
  from space 4608K, 0% used [0x00000000f6480000,0x00000000f6480000,0x00000000f6900000)
  to   space 4608K, 0% used [0x00000000f6000000,0x00000000f6000000,0x00000000f6480000)
 ParOldGen       total 349696K, used 349695K [0x00000000e0000000, 0x00000000f5580000, 0x00000000f5580000)
  object space 349696K, 99% used [0x00000000e0000000,0x00000000f557fcf8,0x00000000f5580000)
 Metaspace       used 64798K, committed 65664K, reserved 1114112K
  class space    used 6149K, committed 6528K, reserved 1048576K
}
Event: 2108.448 GC heap before
{Heap before GC invocations=1346 (full 1187):
 PSYoungGen      total 15360K, used 10751K [0x00000000f5580000, 0x00000000f6a00000, 0x0000000100000000)
  eden space 10752K, 99% used [0x00000000f5580000,0x00000000f5fffff8,0x00000000f6000000)
  from space 4608K, 0% used [0x00000000f6480000,0x00000000f6480000,0x00000000f6900000)
  to   space 4608K, 0% used [0x00000000f6000000,0x00000000f6000000,0x00000000f6480000)
 ParOldGen       total 349696K, used 349695K [0x00000000e0000000, 0x00000000f5580000, 0x00000000f5580000)
  object space 349696K, 99% used [0x00000000e0000000,0x00000000f557fff0,0x00000000f5580000)
 Metaspace       used 64798K, committed 65664K, reserved 1114112K
  class space    used 6149K, committed 6528K, reserved 1048576K
}
Event: 2109.287 GC heap after
{Heap after GC invocations=1346 (full 1187):
 PSYoungGen      total 15360K, used 10751K [0x00000000f5580000, 0x00000000f6a00000, 0x0000000100000000)
  eden space 10752K, 99% used [0x00000000f5580000,0x00000000f5ffffe0,0x00000000f6000000)
  from space 4608K, 0% used [0x00000000f6000000,0x00000000f6000000,0x00000000f6480000)
  to   space 4608K, 0% used [0x00000000f6480000,0x00000000f6480000,0x00000000f6900000)
 ParOldGen       total 349696K, used 349695K [0x00000000e0000000, 0x00000000f5580000, 0x00000000f5580000)
  object space 349696K, 99% used [0x00000000e0000000,0x00000000f557ff10,0x00000000f5580000)
 Metaspace       used 64798K, committed 65664K, reserved 1114112K
  class space    used 6149K, committed 6528K, reserved 1048576K
}
Event: 2109.288 GC heap before
{Heap before GC invocations=1347 (full 1188):
 PSYoungGen      total 15360K, used 10752K [0x00000000f5580000, 0x00000000f6a00000, 0x0000000100000000)
  eden space 10752K, 100% used [0x00000000f5580000,0x00000000f6000000,0x00000000f6000000)
  from space 4608K, 0% used [0x00000000f6000000,0x00000000f6000000,0x00000000f6480000)
  to   space 4608K, 0% used [0x00000000f6480000,0x00000000f6480000,0x00000000f6900000)
 ParOldGen       total 349696K, used 349695K [0x00000000e0000000, 0x00000000f5580000, 0x00000000f5580000)
  object space 349696K, 99% used [0x00000000e0000000,0x00000000f557ff10,0x00000000f5580000)
 Metaspace       used 64798K, committed 65664K, reserved 1114112K
  class space    used 6149K, committed 6528K, reserved 1048576K
}
Event: 2110.164 GC heap after
{Heap after GC invocations=1347 (full 1188):
 PSYoungGen      total 15360K, used 10752K [0x00000000f5580000, 0x00000000f6a00000, 0x0000000100000000)
  eden space 10752K, 100% used [0x00000000f5580000,0x00000000f6000000,0x00000000f6000000)
  from space 4608K, 0% used [0x00000000f6480000,0x00000000f6480000,0x00000000f6900000)
  to   space 4608K, 0% used [0x00000000f6000000,0x00000000f6000000,0x00000000f6480000)
 ParOldGen       total 349696K, used 349695K [0x00000000e0000000, 0x00000000f5580000, 0x00000000f5580000)
  object space 349696K, 99% used [0x00000000e0000000,0x00000000f557fef0,0x00000000f5580000)
 Metaspace       used 64798K, committed 65664K, reserved 1114112K
  class space    used 6149K, committed 6528K, reserved 1048576K
}
Event: 2110.164 GC heap before
{Heap before GC invocations=1348 (full 1189):
 PSYoungGen      total 15360K, used 10752K [0x00000000f5580000, 0x00000000f6a00000, 0x0000000100000000)
  eden space 10752K, 100% used [0x00000000f5580000,0x00000000f6000000,0x00000000f6000000)
  from space 4608K, 0% used [0x00000000f6480000,0x00000000f6480000,0x00000000f6900000)
  to   space 4608K, 0% used [0x00000000f6000000,0x00000000f6000000,0x00000000f6480000)
 ParOldGen       total 349696K, used 349695K [0x00000000e0000000, 0x00000000f5580000, 0x00000000f5580000)
  object space 349696K, 99% used [0x00000000e0000000,0x00000000f557ffb8,0x00000000f5580000)
 Metaspace       used 64798K, committed 65664K, reserved 1114112K
  class space    used 6149K, committed 6528K, reserved 1048576K
}
Event: 2110.896 GC heap after
{Heap after GC invocations=1348 (full 1189):
 PSYoungGen      total 15360K, used 10752K [0x00000000f5580000, 0x00000000f6a00000, 0x0000000100000000)
  eden space 10752K, 100% used [0x00000000f5580000,0x00000000f6000000,0x00000000f6000000)
  from space 4608K, 0% used [0x00000000f6000000,0x00000000f6000000,0x00000000f6480000)
  to   space 4608K, 0% used [0x00000000f6480000,0x00000000f6480000,0x00000000f6900000)
 ParOldGen       total 349696K, used 349695K [0x00000000e0000000, 0x00000000f5580000, 0x00000000f5580000)
  object space 349696K, 99% used [0x00000000e0000000,0x00000000f557ff10,0x00000000f5580000)
 Metaspace       used 64798K, committed 65664K, reserved 1114112K
  class space    used 6149K, committed 6528K, reserved 1048576K
}
Event: 2110.896 GC heap before
{Heap before GC invocations=1349 (full 1190):
 PSYoungGen      total 15360K, used 10752K [0x00000000f5580000, 0x00000000f6a00000, 0x0000000100000000)
  eden space 10752K, 100% used [0x00000000f5580000,0x00000000f6000000,0x00000000f6000000)
  from space 4608K, 0% used [0x00000000f6000000,0x00000000f6000000,0x00000000f6480000)
  to   space 4608K, 0% used [0x00000000f6480000,0x00000000f6480000,0x00000000f6900000)
 ParOldGen       total 349696K, used 349695K [0x00000000e0000000, 0x00000000f5580000, 0x00000000f5580000)
  object space 349696K, 99% used [0x00000000e0000000,0x00000000f557ffd8,0x00000000f5580000)
 Metaspace       used 64798K, committed 65664K, reserved 1114112K
  class space    used 6149K, committed 6528K, reserved 1048576K
}
Event: 2111.760 GC heap after
{Heap after GC invocations=1349 (full 1190):
 PSYoungGen      total 15360K, used 10752K [0x00000000f5580000, 0x00000000f6a00000, 0x0000000100000000)
  eden space 10752K, 100% used [0x00000000f5580000,0x00000000f6000000,0x00000000f6000000)
  from space 4608K, 0% used [0x00000000f6480000,0x00000000f6480000,0x00000000f6900000)
  to   space 4608K, 0% used [0x00000000f6000000,0x00000000f6000000,0x00000000f6480000)
 ParOldGen       total 349696K, used 349695K [0x00000000e0000000, 0x00000000f5580000, 0x00000000f5580000)
  object space 349696K, 99% used [0x00000000e0000000,0x00000000f557ff78,0x00000000f5580000)
 Metaspace       used 64798K, committed 65664K, reserved 1114112K
  class space    used 6149K, committed 6528K, reserved 1048576K
}
Event: 2111.760 GC heap before
{Heap before GC invocations=1350 (full 1191):
 PSYoungGen      total 15360K, used 10752K [0x00000000f5580000, 0x00000000f6a00000, 0x0000000100000000)
  eden space 10752K, 100% used [0x00000000f5580000,0x00000000f6000000,0x00000000f6000000)
  from space 4608K, 0% used [0x00000000f6480000,0x00000000f6480000,0x00000000f6900000)
  to   space 4608K, 0% used [0x00000000f6000000,0x00000000f6000000,0x00000000f6480000)
 ParOldGen       total 349696K, used 349695K [0x00000000e0000000, 0x00000000f5580000, 0x00000000f5580000)
  object space 349696K, 99% used [0x00000000e0000000,0x00000000f557fff0,0x00000000f5580000)
 Metaspace       used 64798K, committed 65664K, reserved 1114112K
  class space    used 6149K, committed 6528K, reserved 1048576K
}
Event: 2112.599 GC heap after
{Heap after GC invocations=1350 (full 1191):
 PSYoungGen      total 15360K, used 10752K [0x00000000f5580000, 0x00000000f6a00000, 0x0000000100000000)
  eden space 10752K, 100% used [0x00000000f5580000,0x00000000f6000000,0x00000000f6000000)
  from space 4608K, 0% used [0x00000000f6000000,0x00000000f6000000,0x00000000f6480000)
  to   space 4608K, 0% used [0x00000000f6480000,0x00000000f6480000,0x00000000f6900000)
 ParOldGen       total 349696K, used 349695K [0x00000000e0000000, 0x00000000f5580000, 0x00000000f5580000)
  object space 349696K, 99% used [0x00000000e0000000,0x00000000f557ff68,0x00000000f5580000)
 Metaspace       used 64798K, committed 65664K, reserved 1114112K
  class space    used 6149K, committed 6528K, reserved 1048576K
}
Event: 2112.649 GC heap before
{Heap before GC invocations=1351 (full 1192):
 PSYoungGen      total 15360K, used 10752K [0x00000000f5580000, 0x00000000f6a00000, 0x0000000100000000)
  eden space 10752K, 100% used [0x00000000f5580000,0x00000000f6000000,0x00000000f6000000)
  from space 4608K, 0% used [0x00000000f6000000,0x00000000f6000000,0x00000000f6480000)
  to   space 4608K, 0% used [0x00000000f6480000,0x00000000f6480000,0x00000000f6900000)
 ParOldGen       total 349696K, used 349695K [0x00000000e0000000, 0x00000000f5580000, 0x00000000f5580000)
  object space 349696K, 99% used [0x00000000e0000000,0x00000000f557fff8,0x00000000f5580000)
 Metaspace       used 64798K, committed 65664K, reserved 1114112K
  class space    used 6149K, committed 6528K, reserved 1048576K
}
Event: 2113.455 GC heap after
{Heap after GC invocations=1351 (full 1192):
 PSYoungGen      total 15360K, used 10751K [0x00000000f5580000, 0x00000000f6a00000, 0x0000000100000000)
  eden space 10752K, 99% used [0x00000000f5580000,0x00000000f5ffffe8,0x00000000f6000000)
  from space 4608K, 0% used [0x00000000f6480000,0x00000000f6480000,0x00000000f6900000)
  to   space 4608K, 0% used [0x00000000f6000000,0x00000000f6000000,0x00000000f6480000)
 ParOldGen       total 349696K, used 349695K [0x00000000e0000000, 0x00000000f5580000, 0x00000000f5580000)
  object space 349696K, 99% used [0x00000000e0000000,0x00000000f557fff8,0x00000000f5580000)
 Metaspace       used 64798K, committed 65664K, reserved 1114112K
  class space    used 6149K, committed 6528K, reserved 1048576K
}
Event: 2113.455 GC heap before
{Heap before GC invocations=1352 (full 1193):
 PSYoungGen      total 15360K, used 10752K [0x00000000f5580000, 0x00000000f6a00000, 0x0000000100000000)
  eden space 10752K, 100% used [0x00000000f5580000,0x00000000f6000000,0x00000000f6000000)
  from space 4608K, 0% used [0x00000000f6480000,0x00000000f6480000,0x00000000f6900000)
  to   space 4608K, 0% used [0x00000000f6000000,0x00000000f6000000,0x00000000f6480000)
 ParOldGen       total 349696K, used 349695K [0x00000000e0000000, 0x00000000f5580000, 0x00000000f5580000)
  object space 349696K, 99% used [0x00000000e0000000,0x00000000f557fff8,0x00000000f5580000)
 Metaspace       used 64798K, committed 65664K, reserved 1114112K
  class space    used 6149K, committed 6528K, reserved 1048576K
}
Event: 2114.299 GC heap after
{Heap after GC invocations=1352 (full 1193):
 PSYoungGen      total 15360K, used 10752K [0x00000000f5580000, 0x00000000f6a00000, 0x0000000100000000)
  eden space 10752K, 100% used [0x00000000f5580000,0x00000000f6000000,0x00000000f6000000)
  from space 4608K, 0% used [0x00000000f6000000,0x00000000f6000000,0x00000000f6480000)
  to   space 4608K, 0% used [0x00000000f6480000,0x00000000f6480000,0x00000000f6900000)
 ParOldGen       total 349696K, used 349695K [0x00000000e0000000, 0x00000000f5580000, 0x00000000f5580000)
  object space 349696K, 99% used [0x00000000e0000000,0x00000000f557fff8,0x00000000f5580000)
 Metaspace       used 64798K, committed 65664K, reserved 1114112K
  class space    used 6149K, committed 6528K, reserved 1048576K
}
Event: 2114.299 GC heap before
{Heap before GC invocations=1353 (full 1194):
 PSYoungGen      total 15360K, used 10752K [0x00000000f5580000, 0x00000000f6a00000, 0x0000000100000000)
  eden space 10752K, 100% used [0x00000000f5580000,0x00000000f6000000,0x00000000f6000000)
  from space 4608K, 0% used [0x00000000f6000000,0x00000000f6000000,0x00000000f6480000)
  to   space 4608K, 0% used [0x00000000f6480000,0x00000000f6480000,0x00000000f6900000)
 ParOldGen       total 349696K, used 349695K [0x00000000e0000000, 0x00000000f5580000, 0x00000000f5580000)
  object space 349696K, 99% used [0x00000000e0000000,0x00000000f557fff8,0x00000000f5580000)
 Metaspace       used 64798K, committed 65664K, reserved 1114112K
  class space    used 6149K, committed 6528K, reserved 1048576K
}
Event: 2115.090 GC heap after
{Heap after GC invocations=1353 (full 1194):
 PSYoungGen      total 15360K, used 10752K [0x00000000f5580000, 0x00000000f6a00000, 0x0000000100000000)
  eden space 10752K, 100% used [0x00000000f5580000,0x00000000f6000000,0x00000000f6000000)
  from space 4608K, 0% used [0x00000000f6480000,0x00000000f6480000,0x00000000f6900000)
  to   space 4608K, 0% used [0x00000000f6000000,0x00000000f6000000,0x00000000f6480000)
 ParOldGen       total 349696K, used 349695K [0x00000000e0000000, 0x00000000f5580000, 0x00000000f5580000)
  object space 349696K, 99% used [0x00000000e0000000,0x00000000f557fff8,0x00000000f5580000)
 Metaspace       used 64798K, committed 65664K, reserved 1114112K
  class space    used 6149K, committed 6528K, reserved 1048576K
}

Dll operation events (9 events):
Event: 0.002 Loaded shared library /nix/store/gpxl5qgg8kicmcvivwmybwjlpf7wh20l-graalvm17-ce-22.3.0/lib/libjava.so
Event: 0.008 Loaded shared library /nix/store/gpxl5qgg8kicmcvivwmybwjlpf7wh20l-graalvm17-ce-22.3.0/lib/libjsvml.so
Event: 0.278 Loaded shared library /nix/store/gpxl5qgg8kicmcvivwmybwjlpf7wh20l-graalvm17-ce-22.3.0/lib/libnio.so
Event: 0.282 Loaded shared library /nix/store/gpxl5qgg8kicmcvivwmybwjlpf7wh20l-graalvm17-ce-22.3.0/lib/libzip.so
Event: 0.286 Loaded shared library /nix/store/gpxl5qgg8kicmcvivwmybwjlpf7wh20l-graalvm17-ce-22.3.0/lib/libjvmcicompiler.so
Event: 0.855 Loaded shared library /nix/store/gpxl5qgg8kicmcvivwmybwjlpf7wh20l-graalvm17-ce-22.3.0/lib/libjimage.so
Event: 1.367 Loaded shared library /nix/store/gpxl5qgg8kicmcvivwmybwjlpf7wh20l-graalvm17-ce-22.3.0/lib/libnet.so
Event: 4.575 Loaded shared library /home/runner/.cache/jdt-language-server/config/org.eclipse.equinox.launcher/org.eclipse.equinox.launcher.gtk.linux.x86_64_1.2.400.v20211117-0650/eclipse_11600.so
Event: 12.655 Loaded shared library /nix/store/gpxl5qgg8kicmcvivwmybwjlpf7wh20l-graalvm17-ce-22.3.0/lib/libextnet.so

Deoptimization events (20 events):
Event: 945.787 Thread 0x00007f905c042260 Uncommon trap: trap_request=0xffffffed fr.pc=0x00007f90cb1227e7 relative=0x00000000000024a7
Event: 945.787 Thread 0x00007f905c042260 Uncommon trap: reason=null_assert_or_unreached0 action=reinterpret pc=0x00007f90cb1227e7 method=org.eclipse.jdt.internal.core.index.DiskIndex.writeAllDocumentNames([Ljava/lang/String;Ljava/io/FileOutputStream;)V @ 492 jvmci
Event: 945.787 Thread 0x00007f905c042260 DEOPT PACKING pc=0x00007f90cb1227e7 sp=0x00007f90c06fe4f0
Event: 945.787 Thread 0x00007f905c042260 DEOPT UNPACKING pc=0x00007f90c3505325 sp=0x00007f90c06fda28 mode 3
Event: 951.951 Thread 0x00007f904c18a1f0 DEOPT PACKING pc=0x00007f90c49bd348 sp=0x00007f90c07fd2e0
Event: 951.951 Thread 0x00007f904c18a1f0 DEOPT UNPACKING pc=0x00007f90c3505325 sp=0x00007f90c07fc7b0 mode 0
Event: 958.263 Thread 0x00007f904c0667d0 Uncommon trap: trap_request=0xffffffed fr.pc=0x00007f90cb1bd356 relative=0x0000000000001b36
Event: 958.263 Thread 0x00007f904c0667d0 Uncommon trap: reason=null_assert_or_unreached0 action=reinterpret pc=0x00007f90cb1bd356 method=org.eclipse.jdt.internal.compiler.parser.Parser.consumeRule(I)V @ 0 jvmci
Event: 958.263 Thread 0x00007f904c0667d0 DEOPT PACKING pc=0x00007f90cb1bd356 sp=0x00007f90c1dfdd00
Event: 958.263 Thread 0x00007f904c0667d0 DEOPT UNPACKING pc=0x00007f90c3505325 sp=0x00007f90c1dfd1a8 mode 3
Event: 958.264 Thread 0x00007f904c0667d0 Uncommon trap: trap_request=0xffffffed fr.pc=0x00007f90cb1cc13e relative=0x00000000000002fe
Event: 958.264 Thread 0x00007f904c0667d0 Uncommon trap: reason=null_assert_or_unreached0 action=reinterpret pc=0x00007f90cb1cc13e method=org.eclipse.jdt.core.compiler.CharOperation.equals([C[CZ)Z @ 0 jvmci
Event: 958.264 Thread 0x00007f904c0667d0 DEOPT PACKING pc=0x00007f90cb1cc13e sp=0x00007f90c1dfddc0
Event: 958.264 Thread 0x00007f904c0667d0 DEOPT UNPACKING pc=0x00007f90c3505325 sp=0x00007f90c1dfd280 mode 3
Event: 1104.376 Thread 0x00007f904c18a1f0 DEOPT PACKING pc=0x00007f90c485416b sp=0x00007f90c07fcea0
Event: 1104.376 Thread 0x00007f904c18a1f0 DEOPT UNPACKING pc=0x00007f90c3505325 sp=0x00007f90c07fc528 mode 0
Event: 1121.083 Thread 0x00007f904c18a1f0 Uncommon trap: trap_request=0xffffffcd fr.pc=0x00007f90cb23b948 relative=0x0000000000000228
Event: 1121.083 Thread 0x00007f904c18a1f0 Uncommon trap: reason=intrinsic_or_type_checked_inlining action=reinterpret pc=0x00007f90cb23b948 method=org.eclipse.jdt.internal.core.JavaElement.getElementInfo()Ljava/lang/Object; @ 5 jvmci
Event: 1121.083 Thread 0x00007f904c18a1f0 DEOPT PACKING pc=0x00007f90cb23b948 sp=0x00007f90c07fc760
Event: 1121.083 Thread 0x00007f904c18a1f0 DEOPT UNPACKING pc=0x00007f90c3505325 sp=0x00007f90c07fbba8 mode 3

Classes unloaded (20 events):
Event: 64.151 Thread 0x00007f90dc0a1bf0 Unloading class 0x0000000800c1c800 'jdk/internal/reflect/GeneratedMethodAccessor3'
Event: 64.151 Thread 0x00007f90dc0a1bf0 Unloading class 0x0000000800c1c400 'jdk/internal/reflect/GeneratedMethodAccessor2'
Event: 64.151 Thread 0x00007f90dc0a1bf0 Unloading class 0x0000000800c1c000 'jdk/internal/reflect/GeneratedMethodAccessor1'
Event: 64.151 Thread 0x00007f90dc0a1bf0 Unloading class 0x0000000800c01c00 'java/lang/invoke/LambdaForm$DMH+0x0000000800c01c00'
Event: 925.673 Thread 0x00007f90dc0a1bf0 Unloading class 0x0000000800ef0800 'jdk/internal/reflect/GeneratedSerializationConstructorAccessor8'
Event: 925.673 Thread 0x00007f90dc0a1bf0 Unloading class 0x0000000800ef1000 'jdk/internal/reflect/GeneratedSerializationConstructorAccessor7'
Event: 925.673 Thread 0x00007f90dc0a1bf0 Unloading class 0x0000000801104400 'jdk/internal/reflect/GeneratedSerializationConstructorAccessor6'
Event: 925.673 Thread 0x00007f90dc0a1bf0 Unloading class 0x00000008011ac000 'jdk/internal/reflect/GeneratedSerializationConstructorAccessor5'
Event: 1069.056 Thread 0x00007f90dc0a1bf0 Unloading class 0x0000000801211400 'java/lang/invoke/LambdaForm$MH+0x0000000801211400'
Event: 1069.056 Thread 0x00007f90dc0a1bf0 Unloading class 0x0000000801211000 'java/lang/invoke/LambdaForm$MH+0x0000000801211000'
Event: 1069.056 Thread 0x00007f90dc0a1bf0 Unloading class 0x0000000801210c00 'java/lang/invoke/LambdaForm$MH+0x0000000801210c00'
Event: 1069.056 Thread 0x00007f90dc0a1bf0 Unloading class 0x0000000801210800 'java/lang/invoke/LambdaForm$MH+0x0000000801210800'
Event: 1069.056 Thread 0x00007f90dc0a1bf0 Unloading class 0x0000000801210400 'java/lang/invoke/LambdaForm$MH+0x0000000801210400'
Event: 1069.056 Thread 0x00007f90dc0a1bf0 Unloading class 0x0000000801210000 'java/lang/invoke/LambdaForm$MH+0x0000000801210000'
Event: 1089.677 Thread 0x00007f90dc0a1bf0 Unloading class 0x000000080123a000 'jdk/internal/reflect/GeneratedConstructorAccessor48'
Event: 1089.677 Thread 0x00007f90dc0a1bf0 Unloading class 0x0000000801239c00 'jdk/internal/reflect/GeneratedConstructorAccessor47'
Event: 1089.677 Thread 0x00007f90dc0a1bf0 Unloading class 0x0000000801239800 'jdk/internal/reflect/GeneratedConstructorAccessor46'
Event: 1089.677 Thread 0x00007f90dc0a1bf0 Unloading class 0x0000000801239400 'jdk/internal/reflect/GeneratedConstructorAccessor45'
Event: 1089.677 Thread 0x00007f90dc0a1bf0 Unloading class 0x0000000801239000 'jdk/internal/reflect/GeneratedConstructorAccessor44'
Event: 1116.601 Thread 0x00007f90dc0a1bf0 Unloading class 0x00000008011cc000 'jdk/internal/reflect/GeneratedConstructorAccessor39'

Classes redefined (0 events):
No events

Internal exceptions (20 events):
Event: 928.456 Thread 0x00007f903002e240 Exception <a 'sun/nio/fs/UnixException'{0x00000000f632c828}> (0x00000000f632c828) 
thrown [src/hotspot/share/prims/jni.cpp, line 516]
Event: 928.457 Thread 0x00007f903002e240 Exception <a 'sun/nio/fs/UnixException'{0x00000000f637ebe0}> (0x00000000f637ebe0) 
thrown [src/hotspot/share/prims/jni.cpp, line 516]
Event: 928.469 Thread 0x00007f903002e240 Exception <a 'sun/nio/fs/UnixException'{0x00000000f55b4aa0}> (0x00000000f55b4aa0) 
thrown [src/hotspot/share/prims/jni.cpp, line 516]
Event: 928.469 Thread 0x00007f903002e240 Exception <a 'sun/nio/fs/UnixException'{0x00000000f55b5608}> (0x00000000f55b5608) 
thrown [src/hotspot/share/prims/jni.cpp, line 516]
Event: 928.469 Thread 0x00007f903002e240 Exception <a 'sun/nio/fs/UnixException'{0x00000000f55bd570}> (0x00000000f55bd570) 
thrown [src/hotspot/share/prims/jni.cpp, line 516]
Event: 928.470 Thread 0x00007f903002e240 Exception <a 'sun/nio/fs/UnixException'{0x00000000f55f0b80}> (0x00000000f55f0b80) 
thrown [src/hotspot/share/prims/jni.cpp, line 516]
Event: 928.470 Thread 0x00007f903002e240 Exception <a 'sun/nio/fs/UnixException'{0x00000000f55f1708}> (0x00000000f55f1708) 
thrown [src/hotspot/share/prims/jni.cpp, line 516]
Event: 928.470 Thread 0x00007f903002e240 Exception <a 'sun/nio/fs/UnixException'{0x00000000f55f8218}> (0x00000000f55f8218) 
thrown [src/hotspot/share/prims/jni.cpp, line 516]
Event: 928.471 Thread 0x00007f903002e240 Exception <a 'sun/nio/fs/UnixException'{0x00000000f55fbac0}> (0x00000000f55fbac0) 
thrown [src/hotspot/share/prims/jni.cpp, line 516]
Event: 928.549 Thread 0x00007f903002e240 Exception <a 'sun/nio/fs/UnixException'{0x00000000f56485e8}> (0x00000000f56485e8) 
thrown [src/hotspot/share/prims/jni.cpp, line 516]
Event: 928.550 Thread 0x00007f903002e240 Exception <a 'sun/nio/fs/UnixException'{0x00000000f564b790}> (0x00000000f564b790) 
thrown [src/hotspot/share/prims/jni.cpp, line 516]
Event: 928.550 Thread 0x00007f903002e240 Exception <a 'sun/nio/fs/UnixException'{0x00000000f568cbb8}> (0x00000000f568cbb8) 
thrown [src/hotspot/share/prims/jni.cpp, line 516]
Event: 928.652 Thread 0x00007f903002e240 Exception <a 'sun/nio/fs/UnixException'{0x00000000f5e491b8}> (0x00000000f5e491b8) 
thrown [src/hotspot/share/prims/jni.cpp, line 516]
Event: 928.659 Thread 0x00007f903002e240 Exception <a 'sun/nio/fs/UnixException'{0x00000000f61dc948}> (0x00000000f61dc948) 
thrown [src/hotspot/share/prims/jni.cpp, line 516]
Event: 928.760 Thread 0x00007f903002e240 Exception <a 'sun/nio/fs/UnixException'{0x00000000f5684c08}> (0x00000000f5684c08) 
thrown [src/hotspot/share/prims/jni.cpp, line 516]
Event: 955.005 Thread 0x00007f904c0667d0 Exception <a 'java/lang/ArrayIndexOutOfBoundsException'{0x00000000f5f9d410}> (0x00000000f5f9d410) 
thrown [src/hotspot/share/runtime/sharedRuntime.cpp, line 628]
Event: 958.264 Thread 0x00007f904c0667d0 Exception <a 'java/lang/ArrayIndexOutOfBoundsException'{0x00000000f5f070b0}> (0x00000000f5f070b0) 
thrown [src/hotspot/share/runtime/sharedRuntime.cpp, line 628]
Event: 958.265 Thread 0x00007f904c0667d0 Exception <a 'java/lang/ArrayIndexOutOfBoundsException'{0x00000000f5f5fbd8}> (0x00000000f5f5fbd8) 
thrown [src/hotspot/share/runtime/sharedRuntime.cpp, line 628]
Event: 958.265 Thread 0x00007f904c0667d0 Exception <a 'java/lang/ArrayIndexOutOfBoundsException'{0x00000000f5f5ff88}> (0x00000000f5f5ff88) 
thrown [src/hotspot/share/runtime/sharedRuntime.cpp, line 628]
Event: 2115.090 Thread 0x00007f90dc0b21b0 Exception <a 'java/lang/OutOfMemoryError'{0x00000000e000a168}> (0x00000000e000a168) 
thrown [src/hotspot/share/gc/shared/memAllocator.cpp, line 136]

VM Operations (20 events):
Event: 2105.559 Executing VM operation: ParallelGCFailedAllocation
Event: 2106.458 Executing VM operation: ParallelGCFailedAllocation done
Event: 2106.458 Executing VM operation: ParallelGCFailedAllocation
Event: 2107.497 Executing VM operation: ParallelGCFailedAllocation done
Event: 2107.498 Executing VM operation: ParallelGCFailedAllocation
Event: 2108.399 Executing VM operation: ParallelGCFailedAllocation done
Event: 2108.399 Executing VM operation: ParallelGCFailedAllocation
Event: 2109.288 Executing VM operation: ParallelGCFailedAllocation done
Event: 2109.288 Executing VM operation: ParallelGCFailedAllocation
Event: 2110.164 Executing VM operation: ParallelGCFailedAllocation done
Event: 2110.164 Executing VM operation: ParallelGCFailedAllocation
Event: 2110.896 Executing VM operation: ParallelGCFailedAllocation done
Event: 2110.896 Executing VM operation: ParallelGCFailedAllocation
Event: 2111.760 Executing VM operation: ParallelGCFailedAllocation done
Event: 2111.760 Executing VM operation: ParallelGCFailedAllocation
Event: 2112.599 Executing VM operation: ParallelGCFailedAllocation done
Event: 2112.599 Executing VM operation: ParallelGCFailedAllocation
Event: 2113.455 Executing VM operation: ParallelGCFailedAllocation done
Event: 2113.455 Executing VM operation: ParallelGCFailedAllocation
Event: 2115.090 Executing VM operation: ParallelGCFailedAllocation done

Events (20 events):
Event: 943.650 loading class sun/security/ssl/NewSessionTicket$T13NewSessionTicketMessage done
Event: 944.653 Thread 0x00007f90240b83a0 Thread added: 0x00007f90240b83a0
Event: 944.663 Thread 0x00007f906c061500 Thread exited: 0x00007f906c061500
Event: 944.664 Protecting memory [0x00007f90c1e00000,0x00007f90c1e04000] with protection modes 0
Event: 950.048 Thread 0x00007f904c18a1f0 Thread added: 0x00007f904c18a1f0
Event: 950.048 Protecting memory [0x00007f90c0700000,0x00007f90c0704000] with protection modes 0
Event: 950.049 Thread 0x00007f90240b83a0 Thread exited: 0x00007f90240b83a0
Event: 951.050 Thread 0x00007f904c191da0 Thread added: 0x00007f904c191da0
Event: 951.050 Protecting memory [0x00007f90c1e00000,0x00007f90c1e04000] with protection modes 0
Event: 953.925 Thread 0x00007f904c0667d0 Thread added: 0x00007f904c0667d0
Event: 953.925 Protecting memory [0x00007f90c1d00000,0x00007f90c1d04000] with protection modes 0
Event: 955.049 Thread 0x00007f9044180b70 Thread added: 0x00007f9044180b70
Event: 955.049 Protecting memory [0x00007f90c1a00000,0x00007f90c1a04000] with protection modes 0
Event: 956.084 Thread 0x00007f904c0e9140 Thread exited: 0x00007f904c0e9140
Event: 958.263 Thread 0x00007f9044180b70 Thread exited: 0x00007f9044180b70
Event: 958.267 Thread 0x00007f9044180b70 Thread added: 0x00007f9044180b70
Event: 958.270 Protecting memory [0x00007f90c1a00000,0x00007f90c1a04000] with protection modes 0
Event: 967.550 Thread 0x00007f90440d8db0 Thread exited: 0x00007f90440d8db0
Event: 1074.791 Thread 0x00007f903002e240 Thread exited: 0x00007f903002e240
Event: 1097.284 Thread 0x00007f9044180b70 Thread exited: 0x00007f9044180b70


Dynamic libraries:
e0000000-f5580000 rw-p 00000000 00:00 0 
f5580000-f6a00000 rw-p 00000000 00:00 0 
f6a00000-100000000 ---p 00000000 00:00 0 
800000000-800449000 rw-p 00001000 00:1ce6 4611686019135357769            /nix/store/gpxl5qgg8kicmcvivwmybwjlpf7wh20l-graalvm17-ce-22.3.0/lib/server/classes.jsa
800449000-800bc8000 r--p 0044a000 00:1ce6 4611686019135357769            /nix/store/gpxl5qgg8kicmcvivwmybwjlpf7wh20l-graalvm17-ce-22.3.0/lib/server/classes.jsa
800bc8000-800c00000 ---p 00000000 00:00 0 
800c00000-800c20000 rw-p 00000000 00:00 0 
800c20000-800c40000 rw-p 00000000 00:00 0 
800c40000-800cc0000 rw-p 00000000 00:00 0 
800cc0000-800d00000 rw-p 00000000 00:00 0 
800d00000-800dc0000 rw-p 00000000 00:00 0 
800dc0000-800e00000 rw-p 00000000 00:00 0 
800e00000-800f40000 rw-p 00000000 00:00 0 
800f40000-800fc0000 rw-p 00000000 00:00 0 
800fc0000-801000000 rw-p 00000000 00:00 0 
801000000-801250000 rw-p 00000000 00:00 0 
801250000-801260000 ---p 00000000 00:00 0 
801260000-801270000 rw-p 00000000 00:00 0 
801270000-840c00000 ---p 00000000 00:00 0 
55ef03afe000-55ef03aff000 r-xp 00000000 00:1ce6 4611686019099417844      /nix/store/gpxl5qgg8kicmcvivwmybwjlpf7wh20l-graalvm17-ce-22.3.0/bin/.java-wrapped
55ef03b00000-55ef03b01000 r--p 00001000 00:1ce6 4611686019099417844      /nix/store/gpxl5qgg8kicmcvivwmybwjlpf7wh20l-graalvm17-ce-22.3.0/bin/.java-wrapped
55ef03b01000-55ef03b02000 rw-p 00002000 00:1ce6 4611686019099417844      /nix/store/gpxl5qgg8kicmcvivwmybwjlpf7wh20l-graalvm17-ce-22.3.0/bin/.java-wrapped
55ef03b02000-55ef03b03000 rw-p 00004000 00:1ce6 4611686019099417844      /nix/store/gpxl5qgg8kicmcvivwmybwjlpf7wh20l-graalvm17-ce-22.3.0/bin/.java-wrapped
55ef03b03000-55ef03b04000 rw-p 00005000 00:1ce6 4611686019099417844      /nix/store/gpxl5qgg8kicmcvivwmybwjlpf7wh20l-graalvm17-ce-22.3.0/bin/.java-wrapped
55ef04a68000-55ef04ab0000 rw-p 00000000 00:00 0                          [heap]
7f9014000000-7f9014022000 rw-p 00000000 00:00 0 
7f9014022000-7f9018000000 ---p 00000000 00:00 0 
7f9018000000-7f9018021000 rw-p 00000000 00:00 0 
7f9018021000-7f901c000000 ---p 00000000 00:00 0 
7f901c000000-7f901c057000 rw-p 00000000 00:00 0 
7f901c057000-7f9020000000 ---p 00000000 00:00 0 
7f9020000000-7f9020021000 rw-p 00000000 00:00 0 
7f9020021000-7f9024000000 ---p 00000000 00:00 0 
7f9024000000-7f90240cf000 rw-p 00000000 00:00 0 
7f90240cf000-7f9028000000 ---p 00000000 00:00 0 
7f9028000000-7f90280a5000 rw-p 00000000 00:00 0 
7f90280a5000-7f902c000000 ---p 00000000 00:00 0 
7f9030000000-7f9030063000 rw-p 00000000 00:00 0 
7f9030063000-7f9034000000 ---p 00000000 00:00 0 
7f9035400000-7f9035480000 rw-p 00000000 00:00 0 
7f9035480000-7f90355c0000 rw-p 00000000 00:00 0 
7f90355c0000-7f9035600000 ---p 00000000 00:00 0 
7f9035600000-7f9035ae0000 rw-p 00000000 00:00 0 
7f9035ae0000-7f9035c00000 rw-p 00000000 00:00 0 
7f9035c00000-7f9035dc0000 rw-p 00000000 00:00 0 
7f9035dc0000-7f9035e00000 rw-p 00000000 00:00 0 
7f9035e00000-7f9036400000 rw-p 00000000 00:00 0 
7f90364b3000-7f9040000000 r--s 00000000 00:1ce6 4611686019135192581      /nix/store/gpxl5qgg8kicmcvivwmybwjlpf7wh20l-graalvm17-ce-22.3.0/lib/modules
7f9040000000-7f9040021000 rw-p 00000000 00:00 0 
7f9040021000-7f9044000000 ---p 00000000 00:00 0 
7f9044000000-7f904419b000 rw-p 00000000 00:00 0 
7f904419b000-7f9048000000 ---p 00000000 00:00 0 
7f9048000000-7f9048104000 rw-p 00000000 00:00 0 
7f9048104000-7f904c000000 ---p 00000000 00:00 0 
7f904c000000-7f904c1ad000 rw-p 00000000 00:00 0 
7f904c1ad000-7f9050000000 ---p 00000000 00:00 0 
7f9050000000-7f9050021000 rw-p 00000000 00:00 0 
7f9050021000-7f9054000000 ---p 00000000 00:00 0 
7f9054000000-7f9054021000 rw-p 00000000 00:00 0 
7f9054021000-7f9058000000 ---p 00000000 00:00 0 
7f9058000000-7f9058060000 rw-p 00000000 00:00 0 
7f9058060000-7f905c000000 ---p 00000000 00:00 0 
7f905c000000-7f905c05b000 rw-p 00000000 00:00 0 
7f905c05b000-7f9060000000 ---p 00000000 00:00 0 
7f9060000000-7f9060021000 rw-p 00000000 00:00 0 
7f9060021000-7f9064000000 ---p 00000000 00:00 0 
7f9064000000-7f90643c6000 rw-p 00000000 00:00 0 
7f90643c6000-7f9068000000 ---p 00000000 00:00 0 
7f9068000000-7f9068021000 rw-p 00000000 00:00 0 
7f9068021000-7f906c000000 ---p 00000000 00:00 0 
7f906c000000-7f906c0f1000 rw-p 00000000 00:00 0 
7f906c0f1000-7f9070000000 ---p 00000000 00:00 0 
7f9070000000-7f90708c2000 rw-p 00000000 00:00 0 
7f90708c2000-7f9074000000 ---p 00000000 00:00 0 
7f9074000000-7f9074025000 rw-p 00000000 00:00 0 
7f9074025000-7f9078000000 ---p 00000000 00:00 0 
7f9078000000-7f9078021000 rw-p 00000000 00:00 0 
7f9078021000-7f907c000000 ---p 00000000 00:00 0 
7f907c000000-7f907c021000 rw-p 00000000 00:00 0 
7f907c021000-7f9080000000 ---p 00000000 00:00 0 
7f9080000000-7f9080021000 rw-p 00000000 00:00 0 
7f9080021000-7f9084000000 ---p 00000000 00:00 0 
7f9084000000-7f9084100000 rw-p 00000000 00:00 0 
7f9084100000-7f9084200000 rw-p 00000000 00:00 0 
7f9084200000-7f9084800000 rw-p 00000000 00:00 0 
7f9084800000-7f9084880000 rw-p 00000000 00:00 0 
7f9084880000-7f9084900000 rw-p 00000000 00:00 0 
7f9084900000-7f9084b00000 rw-p 00000000 00:00 0 
7f9084b00000-7f9084d00000 rw-p 00000000 00:00 0 
7f9084d00000-7f9084e00000 rw-p 00000000 00:00 0 
7f9084e00000-7f9085000000 rw-p 00000000 00:00 0 
7f9085000000-7f9085100000 rw-p 00000000 00:00 0 
7f9085100000-7f9085200000 rw-p 00000000 00:00 0 
7f9085200000-7f9085780000 rw-p 00000000 00:00 0 
7f9085780000-7f9085800000 rw-p 00000000 00:00 0 
7f9085800000-7f9085900000 rw-p 00000000 00:00 0 
7f9085900000-7f9085a00000 rw-p 00000000 00:00 0 
7f9085a00000-7f9085d00000 rw-p 00000000 00:00 0 
7f9085d00000-7f9085e00000 rw-p 00000000 00:00 0 
7f9085e00000-7f9086000000 rw-p 00000000 00:00 0 
7f9086200000-7f9086210000 r-xp 00000000 00:1ce2 388                      /home/runner/.cache/jdt-language-server/config/org.eclipse.equinox.launcher/org.eclipse.equinox.launcher.gtk.linux.x86_64_1.2.400.v20211117-0650/eclipse_11600.so
7f9086210000-7f908640f000 ---p 00010000 00:1ce2 388                      /home/runner/.cache/jdt-language-server/config/org.eclipse.equinox.launcher/org.eclipse.equinox.launcher.gtk.linux.x86_64_1.2.400.v20211117-0650/eclipse_11600.so
7f908640f000-7f9086410000 r--p 0000f000 00:1ce2 388                      /home/runner/.cache/jdt-language-server/config/org.eclipse.equinox.launcher/org.eclipse.equinox.launcher.gtk.linux.x86_64_1.2.400.v20211117-0650/eclipse_11600.so
7f9086410000-7f9086411000 rw-p 00010000 00:1ce2 388                      /home/runner/.cache/jdt-language-server/config/org.eclipse.equinox.launcher/org.eclipse.equinox.launcher.gtk.linux.x86_64_1.2.400.v20211117-0650/eclipse_11600.so
7f9086c00000-7f9086e00000 rw-p 00000000 00:00 0 
7f9086e00000-7f9087400000 ---p 00000000 00:00 0 
7f9087b00000-7f9087c00000 ---p 00000000 00:00 0 
7f9087c00000-7f90881af000 r--p 01122000 00:1ce6 4611686019135190040      /nix/store/gpxl5qgg8kicmcvivwmybwjlpf7wh20l-graalvm17-ce-22.3.0/lib/libjvmcicompiler.so
7f90881af000-7f9088300000 r--p 00000000 00:00 0 
7f9088300000-7f908833d000 rw-p 00000000 00:00 0 
7f908833d000-7f908885d000 rw-p 0185f000 00:1ce6 4611686019135190040      /nix/store/gpxl5qgg8kicmcvivwmybwjlpf7wh20l-graalvm17-ce-22.3.0/lib/libjvmcicompiler.so
7f908885d000-7f9088c44000 r--p 01d7f000 00:1ce6 4611686019135190040      /nix/store/gpxl5qgg8kicmcvivwmybwjlpf7wh20l-graalvm17-ce-22.3.0/lib/libjvmcicompiler.so
7f9088d00000-7f9088d04000 ---p 00000000 00:00 0 
7f9088d04000-7f9088e00000 rw-p 00000000 00:00 0 
7f9088e00000-7f9088e04000 ---p 00000000 00:00 0 
7f9088e04000-7f9088f00000 rw-p 00000000 00:00 0 
7f9088f00000-7f9088f04000 ---p 00000000 00:00 0 
7f9088f04000-7f9089000000 rw-p 00000000 00:00 0 
7f9089100000-7f9089104000 ---p 00000000 00:00 0 
7f9089104000-7f9089200000 rw-p 00000000 00:00 0 
7f9089300000-7f9089304000 ---p 00000000 00:00 0 
7f9089304000-7f9089400000 rw-p 00000000 00:00 0 
7f9089500000-7f9089504000 ---p 00000000 00:00 0 
7f9089504000-7f9089600000 rw-p 00000000 00:00 0 
7f9089700000-7f9089704000 ---p 00000000 00:00 0 
7f9089704000-7f9089800000 rw-p 00000000 00:00 0 
7f9089900000-7f9089904000 ---p 00000000 00:00 0 
7f9089904000-7f9089a00000 rw-p 00000000 00:00 0 
7f9089b00000-7f9089b04000 ---p 00000000 00:00 0 
7f9089b04000-7f9089c00000 rw-p 00000000 00:00 0 
7f9089c00000-7f908bd6a000 r-xp 00000000 00:1ce6 4611686019135190040      /nix/store/gpxl5qgg8kicmcvivwmybwjlpf7wh20l-graalvm17-ce-22.3.0/lib/libjvmcicompiler.so
7f908bd6a000-7f908bf69000 ---p 0216a000 00:1ce6 4611686019135190040      /nix/store/gpxl5qgg8kicmcvivwmybwjlpf7wh20l-graalvm17-ce-22.3.0/lib/libjvmcicompiler.so
7f908bf69000-7f908bf6a000 r--p 02169000 00:1ce6 4611686019135190040      /nix/store/gpxl5qgg8kicmcvivwmybwjlpf7wh20l-graalvm17-ce-22.3.0/lib/libjvmcicompiler.so
7f908bf6a000-7f908bf6c000 rw-p 0216a000 00:1ce6 4611686019135190040      /nix/store/gpxl5qgg8kicmcvivwmybwjlpf7wh20l-graalvm17-ce-22.3.0/lib/libjvmcicompiler.so
7f908bf6c000-7f908bf6d000 rw-p 00000000 00:00 0 
7f908bf6d000-7f908bf72000 rw-p 023c3000 00:1ce6 4611686019135190040      /nix/store/gpxl5qgg8kicmcvivwmybwjlpf7wh20l-graalvm17-ce-22.3.0/lib/libjvmcicompiler.so
7f908c000000-7f908c021000 rw-p 00000000 00:00 0 
7f908c021000-7f9090000000 ---p 00000000 00:00 0 
7f9090000000-7f9090021000 rw-p 00000000 00:00 0 
7f9090021000-7f9094000000 ---p 00000000 00:00 0 
7f9094000000-7f9094031000 rw-p 00000000 00:00 0 
7f9094031000-7f9098000000 ---p 00000000 00:00 0 
7f9098000000-7f9098021000 rw-p 00000000 00:00 0 
7f9098021000-7f909c000000 ---p 00000000 00:00 0 
7f909c000000-7f909c250000 rw-p 00000000 00:00 0 
7f909c250000-7f90a0000000 ---p 00000000 00:00 0 
7f90a0000000-7f90a0ba4000 rw-p 00000000 00:00 0 
7f90a0ba4000-7f90a4000000 ---p 00000000 00:00 0 
7f90a4000000-7f90a4021000 rw-p 00000000 00:00 0 
7f90a4021000-7f90a8000000 ---p 00000000 00:00 0 
7f90a8000000-7f90a8021000 rw-p 00000000 00:00 0 
7f90a8021000-7f90ac000000 ---p 00000000 00:00 0 
7f90ac000000-7f90ac021000 rw-p 00000000 00:00 0 
7f90ac021000-7f90b0000000 ---p 00000000 00:00 0 
7f90b0000000-7f90b0021000 rw-p 00000000 00:00 0 
7f90b0021000-7f90b4000000 ---p 00000000 00:00 0 
7f90b4000000-7f90b4021000 rw-p 00000000 00:00 0 
7f90b4021000-7f90b8000000 ---p 00000000 00:00 0 
7f90b8000000-7f90b8021000 rw-p 00000000 00:00 0 
7f90b8021000-7f90bc000000 ---p 00000000 00:00 0 
7f90bc000000-7f90bc1d6000 rw-p 00000000 00:00 0 
7f90bc1d6000-7f90c0004000 ---p 00000000 00:00 0 
7f90c0004000-7f90c0100000 rw-p 00000000 00:00 0 
7f90c0200000-7f90c0204000 ---p 00000000 00:00 0 
7f90c0204000-7f90c0300000 rw-p 00000000 00:00 0 
7f90c0400000-7f90c0404000 ---p 00000000 00:00 0 
7f90c0404000-7f90c0500000 rw-p 00000000 00:00 0 
7f90c0600000-7f90c0604000 ---p 00000000 00:00 0 
7f90c0604000-7f90c0700000 rw-p 00000000 00:00 0 
7f90c0700000-7f90c0704000 ---p 00000000 00:00 0 
7f90c0704000-7f90c0800000 rw-p 00000000 00:00 0 
7f90c0800000-7f90c0804000 ---p 00000000 00:00 0 
7f90c0804000-7f90c0900000 rw-p 00000000 00:00 0 
7f90c0a00000-7f90c0a04000 ---p 00000000 00:00 0 
7f90c0a04000-7f90c0b00000 rw-p 00000000 00:00 0 
7f90c0b00000-7f90c0b04000 ---p 00000000 00:00 0 
7f90c0b04000-7f90c0c00000 rw-p 00000000 00:00 0 
7f90c0c00000-7f90c0c04000 ---p 00000000 00:00 0 
7f90c0c04000-7f90c0d00000 rw-p 00000000 00:00 0 
7f90c0e00000-7f90c0e04000 ---p 00000000 00:00 0 
7f90c0e04000-7f90c0f00000 rw-p 00000000 00:00 0 
7f90c1000000-7f90c1004000 ---p 00000000 00:00 0 
7f90c1004000-7f90c1100000 rw-p 00000000 00:00 0 
7f90c17a9000-7f90c1a00000 rw-p 00000000 00:00 0 
7f90c1a00000-7f90c1a04000 ---p 00000000 00:00 0 
7f90c1a04000-7f90c1c00000 rw-p 00000000 00:00 0 
7f90c1d00000-7f90c1d04000 ---p 00000000 00:00 0 
7f90c1d04000-7f90c1e00000 rw-p 00000000 00:00 0 
7f90c1e00000-7f90c1e04000 ---p 00000000 00:00 0 
7f90c1e04000-7f90c1f00000 rw-p 00000000 00:00 0 
7f90c2000000-7f90c2004000 ---p 00000000 00:00 0 
7f90c2004000-7f90c2100000 rw-p 00000000 00:00 0 
7f90c22fe000-7f90c22ff000 ---p 00000000 00:00 0 
7f90c22ff000-7f90c2400000 rw-p 00000000 00:00 0 
7f90c2400000-7f90c2404000 ---p 00000000 00:00 0 
7f90c2404000-7f90c2500000 rw-p 00000000 00:00 0 
7f90c2500000-7f90c2504000 ---p 00000000 00:00 0 
7f90c2504000-7f90c2600000 rw-p 00000000 00:00 0 
7f90c2600000-7f90c2604000 ---p 00000000 00:00 0 
7f90c2604000-7f90c2700000 rw-p 00000000 00:00 0 
7f90c2700000-7f90c2704000 ---p 00000000 00:00 0 
7f90c2704000-7f90c2900000 rw-p 00000000 00:00 0 
7f90c2900000-7f90c2904000 ---p 00000000 00:00 0 
7f90c2904000-7f90c2b00000 rw-p 00000000 00:00 0 
7f90c2b00000-7f90c2b04000 ---p 00000000 00:00 0 
7f90c2b04000-7f90c3000000 rw-p 00000000 00:00 0 
7f90c3000000-7f90c3300000 rw-p 00000000 00:00 0 
7f90c3300000-7f90c3400000 rw-p 00000000 00:00 0 
7f90c34b3000-7f90c3723000 rwxp 00000000 00:00 0 
7f90c3723000-7f90c3a42000 ---p 00000000 00:00 0 
7f90c3a42000-7f90c4f22000 rwxp 00000000 00:00 0 
7f90c4f22000-7f90caf7a000 ---p 00000000 00:00 0 
7f90caf7a000-7f90cb2ea000 rwxp 00000000 00:00 0 
7f90cb2ea000-7f90d24b3000 ---p 00000000 00:00 0 
7f90d24b3000-7f90dc000000 r--s 00000000 00:1ce6 4611686019135192581      /nix/store/gpxl5qgg8kicmcvivwmybwjlpf7wh20l-graalvm17-ce-22.3.0/lib/modules
7f90dc000000-7f90dc613000 rw-p 00000000 00:00 0 
7f90dc613000-7f90e0000000 ---p 00000000 00:00 0 
7f90e001f000-7f90e0021000 r-xp 00000000 00:1ce6 4611686019135190017      /nix/store/gpxl5qgg8kicmcvivwmybwjlpf7wh20l-graalvm17-ce-22.3.0/lib/libextnet.so
7f90e0021000-7f90e0022000 r--p 00001000 00:1ce6 4611686019135190017      /nix/store/gpxl5qgg8kicmcvivwmybwjlpf7wh20l-graalvm17-ce-22.3.0/lib/libextnet.so
7f90e0022000-7f90e0023000 rw-p 00002000 00:1ce6 4611686019135190017      /nix/store/gpxl5qgg8kicmcvivwmybwjlpf7wh20l-graalvm17-ce-22.3.0/lib/libextnet.so
7f90e0023000-7f90e0024000 rw-p 00004000 00:1ce6 4611686019135190017      /nix/store/gpxl5qgg8kicmcvivwmybwjlpf7wh20l-graalvm17-ce-22.3.0/lib/libextnet.so
7f90e0024000-7f90e0028000 ---p 00000000 00:00 0 
7f90e0028000-7f90e0046000 rw-p 00000000 00:00 0 
7f90e0046000-7f90e004d000 r-xp 00000000 00:1ce6 4611686019135192580      /nix/store/gpxl5qgg8kicmcvivwmybwjlpf7wh20l-graalvm17-ce-22.3.0/lib/libzip.so
7f90e004d000-7f90e004e000 ---p 00007000 00:1ce6 4611686019135192580      /nix/store/gpxl5qgg8kicmcvivwmybwjlpf7wh20l-graalvm17-ce-22.3.0/lib/libzip.so
7f90e004e000-7f90e004f000 r--p 00007000 00:1ce6 4611686019135192580      /nix/store/gpxl5qgg8kicmcvivwmybwjlpf7wh20l-graalvm17-ce-22.3.0/lib/libzip.so
7f90e004f000-7f90e0050000 rw-p 00008000 00:1ce6 4611686019135192580      /nix/store/gpxl5qgg8kicmcvivwmybwjlpf7wh20l-graalvm17-ce-22.3.0/lib/libzip.so
7f90e0050000-7f90e0052000 rw-p 0000b000 00:1ce6 4611686019135192580      /nix/store/gpxl5qgg8kicmcvivwmybwjlpf7wh20l-graalvm17-ce-22.3.0/lib/libzip.so
7f90e0052000-7f90e0067000 r-xp 00000000 00:1ce6 4611686019135192570      /nix/store/gpxl5qgg8kicmcvivwmybwjlpf7wh20l-graalvm17-ce-22.3.0/lib/libnet.so
7f90e0067000-7f90e0068000 ---p 00015000 00:1ce6 4611686019135192570      /nix/store/gpxl5qgg8kicmcvivwmybwjlpf7wh20l-graalvm17-ce-22.3.0/lib/libnet.so
7f90e0068000-7f90e0069000 r--p 00015000 00:1ce6 4611686019135192570      /nix/store/gpxl5qgg8kicmcvivwmybwjlpf7wh20l-graalvm17-ce-22.3.0/lib/libnet.so
7f90e0069000-7f90e006a000 rw-p 00016000 00:1ce6 4611686019135192570      /nix/store/gpxl5qgg8kicmcvivwmybwjlpf7wh20l-graalvm17-ce-22.3.0/lib/libnet.so
7f90e006a000-7f90e006d000 rw-p 0001b000 00:1ce6 4611686019135192570      /nix/store/gpxl5qgg8kicmcvivwmybwjlpf7wh20l-graalvm17-ce-22.3.0/lib/libnet.so
7f90e006d000-7f90e0080000 r-xp 00000000 00:1ce6 4611686019135192571      /nix/store/gpxl5qgg8kicmcvivwmybwjlpf7wh20l-graalvm17-ce-22.3.0/lib/libnio.so
7f90e0080000-7f90e0081000 r--p 00012000 00:1ce6 4611686019135192571      /nix/store/gpxl5qgg8kicmcvivwmybwjlpf7wh20l-graalvm17-ce-22.3.0/lib/libnio.so
7f90e0081000-7f90e0082000 rw-p 00013000 00:1ce6 4611686019135192571      /nix/store/gpxl5qgg8kicmcvivwmybwjlpf7wh20l-graalvm17-ce-22.3.0/lib/libnio.so
7f90e0082000-7f90e0087000 rw-p 00019000 00:1ce6 4611686019135192571      /nix/store/gpxl5qgg8kicmcvivwmybwjlpf7wh20l-graalvm17-ce-22.3.0/lib/libnio.so
7f90e0087000-7f90e008b000 ---p 00000000 00:00 0 
7f90e008b000-7f90e0187000 rw-p 00000000 00:00 0 
7f90e0187000-7f90e018b000 ---p 00000000 00:00 0 
7f90e018b000-7f90e0287000 rw-p 00000000 00:00 0 
7f90e0287000-7f90e056d000 r--p 00000000 00:1b2e 28444448                 /usr/lib/locale/locale-archive
7f90e056d000-7f90e0571000 ---p 00000000 00:00 0 
7f90e0571000-7f90e066d000 rw-p 00000000 00:00 0 
7f90e066d000-7f90e0671000 ---p 00000000 00:00 0 
7f90e0671000-7f90e076d000 rw-p 00000000 00:00 0 
7f90e076d000-7f90e076e000 ---p 00000000 00:00 0 
7f90e076e000-7f90e086f000 rw-p 00000000 00:00 0 
7f90e086f000-7f90e093d000 r-xp 00000000 00:1ce6 4611686019135190036      /nix/store/gpxl5qgg8kicmcvivwmybwjlpf7wh20l-graalvm17-ce-22.3.0/lib/libjsvml.so
7f90e093d000-7f90e093e000 r--p 000cd000 00:1ce6 4611686019135190036      /nix/store/gpxl5qgg8kicmcvivwmybwjlpf7wh20l-graalvm17-ce-22.3.0/lib/libjsvml.so
7f90e093e000-7f90e093f000 rw-p 000ce000 00:1ce6 4611686019135190036      /nix/store/gpxl5qgg8kicmcvivwmybwjlpf7wh20l-graalvm17-ce-22.3.0/lib/libjsvml.so
7f90e093f000-7f90e2217000 rw-p 00000000 00:00 0 
7f90e2217000-7f90e2218000 ---p 00000000 00:00 0 
7f90e2218000-7f90e23c3000 rw-p 00000000 00:00 0 
7f90e23c3000-7f90e23ce000 rw-p 00000000 00:00 0 
7f90e23ce000-7f90e2419000 ---p 00000000 00:00 0 
7f90e2419000-7f90e2421000 rw-p 00000000 00:00 0 
7f90e2421000-7f90e2505000 ---p 00000000 00:00 0 
7f90e2505000-7f90e252f000 rw-p 00000000 00:00 0 
7f90e252f000-7f90e25f0000 ---p 00000000 00:00 0 
7f90e25f0000-7f90e25f5000 rw-p 00000000 00:00 0 
7f90e25f5000-7f90e25fc000 ---p 00000000 00:00 0 
7f90e25fc000-7f90e2620000 r-xp 00000000 00:1ce6 4611686019135190028      /nix/store/gpxl5qgg8kicmcvivwmybwjlpf7wh20l-graalvm17-ce-22.3.0/lib/libjava.so
7f90e2620000-7f90e2621000 ---p 00024000 00:1ce6 4611686019135190028      /nix/store/gpxl5qgg8kicmcvivwmybwjlpf7wh20l-graalvm17-ce-22.3.0/lib/libjava.so
7f90e2621000-7f90e2622000 r--p 00024000 00:1ce6 4611686019135190028      /nix/store/gpxl5qgg8kicmcvivwmybwjlpf7wh20l-graalvm17-ce-22.3.0/lib/libjava.so
7f90e2622000-7f90e2623000 rw-p 00025000 00:1ce6 4611686019135190028      /nix/store/gpxl5qgg8kicmcvivwmybwjlpf7wh20l-graalvm17-ce-22.3.0/lib/libjava.so
7f90e2623000-7f90e2624000 rw-p 00000000 00:00 0 
7f90e2624000-7f90e262b000 rw-p 0002f000 00:1ce6 4611686019135190028      /nix/store/gpxl5qgg8kicmcvivwmybwjlpf7wh20l-graalvm17-ce-22.3.0/lib/libjava.so
7f90e262b000-7f90e2633000 rw-s 00000000 00:70c 385                       /tmp/hsperfdata_runner/55
7f90e2633000-7f90e2634000 ---p 00000000 00:00 0 
7f90e2634000-7f90e2635000 r--p 00000000 00:00 0 
7f90e2635000-7f90e2636000 rwxp 00000000 00:00 0 
7f90e2636000-7f90e2651000 r-xp 00000000 00:1ce6 4611686019135190032      /nix/store/gpxl5qgg8kicmcvivwmybwjlpf7wh20l-graalvm17-ce-22.3.0/lib/libjimage.so
7f90e2651000-7f90e2652000 ---p 0001b000 00:1ce6 4611686019135190032      /nix/store/gpxl5qgg8kicmcvivwmybwjlpf7wh20l-graalvm17-ce-22.3.0/lib/libjimage.so
7f90e2652000-7f90e2654000 r--p 0001b000 00:1ce6 4611686019135190032      /nix/store/gpxl5qgg8kicmcvivwmybwjlpf7wh20l-graalvm17-ce-22.3.0/lib/libjimage.so
7f90e2654000-7f90e2655000 rw-p 0001d000 00:1ce6 4611686019135190032      /nix/store/gpxl5qgg8kicmcvivwmybwjlpf7wh20l-graalvm17-ce-22.3.0/lib/libjimage.so
7f90e2655000-7f90e2656000 rw-p 00024000 00:1ce6 4611686019135190032      /nix/store/gpxl5qgg8kicmcvivwmybwjlpf7wh20l-graalvm17-ce-22.3.0/lib/libjimage.so
7f90e2656000-7f90e265a000 ---p 00000000 00:00 0 
7f90e265a000-7f90e2756000 rw-p 00000000 00:00 0 
7f90e2756000-7f90e2764000 r--p 00000000 00:1ce6 4611686019027979927      /nix/store/4nlgxhb09sdr51nc9hdm8az5b08vzkgx-glibc-2.35-163/lib/libm.so.6
7f90e2764000-7f90e27d7000 r-xp 0000e000 00:1ce6 4611686019027979927      /nix/store/4nlgxhb09sdr51nc9hdm8az5b08vzkgx-glibc-2.35-163/lib/libm.so.6
7f90e27d7000-7f90e2834000 r--p 00081000 00:1ce6 4611686019027979927      /nix/store/4nlgxhb09sdr51nc9hdm8az5b08vzkgx-glibc-2.35-163/lib/libm.so.6
7f90e2834000-7f90e2835000 r--p 000dd000 00:1ce6 4611686019027979927      /nix/store/4nlgxhb09sdr51nc9hdm8az5b08vzkgx-glibc-2.35-163/lib/libm.so.6
7f90e2835000-7f90e2836000 rw-p 000de000 00:1ce6 4611686019027979927      /nix/store/4nlgxhb09sdr51nc9hdm8az5b08vzkgx-glibc-2.35-163/lib/libm.so.6
7f90e2836000-7f90e2837000 r--p 00000000 00:1ce6 4611686019027979946      /nix/store/4nlgxhb09sdr51nc9hdm8az5b08vzkgx-glibc-2.35-163/lib/librt.so.1
7f90e2837000-7f90e2838000 r-xp 00001000 00:1ce6 4611686019027979946      /nix/store/4nlgxhb09sdr51nc9hdm8az5b08vzkgx-glibc-2.35-163/lib/librt.so.1
7f90e2838000-7f90e2839000 r--p 00002000 00:1ce6 4611686019027979946      /nix/store/4nlgxhb09sdr51nc9hdm8az5b08vzkgx-glibc-2.35-163/lib/librt.so.1
7f90e2839000-7f90e283a000 r--p 00002000 00:1ce6 4611686019027979946      /nix/store/4nlgxhb09sdr51nc9hdm8az5b08vzkgx-glibc-2.35-163/lib/librt.so.1
7f90e283a000-7f90e283b000 rw-p 00003000 00:1ce6 4611686019027979946      /nix/store/4nlgxhb09sdr51nc9hdm8az5b08vzkgx-glibc-2.35-163/lib/librt.so.1
7f90e283b000-7f90e394e000 r-xp 00000000 00:1ce6 4611686019135360866      /nix/store/gpxl5qgg8kicmcvivwmybwjlpf7wh20l-graalvm17-ce-22.3.0/lib/server/libjvm.so
7f90e394e000-7f90e394f000 ---p 01113000 00:1ce6 4611686019135360866      /nix/store/gpxl5qgg8kicmcvivwmybwjlpf7wh20l-graalvm17-ce-22.3.0/lib/server/libjvm.so
7f90e394f000-7f90e3a04000 r--p 01113000 00:1ce6 4611686019135360866      /nix/store/gpxl5qgg8kicmcvivwmybwjlpf7wh20l-graalvm17-ce-22.3.0/lib/server/libjvm.so
7f90e3a04000-7f90e3a38000 rw-p 011c8000 00:1ce6 4611686019135360866      /nix/store/gpxl5qgg8kicmcvivwmybwjlpf7wh20l-graalvm17-ce-22.3.0/lib/server/libjvm.so
7f90e3a38000-7f90e3a94000 rw-p 00000000 00:00 0 
7f90e3a94000-7f90e3abc000 r--p 00000000 00:1ce6 4611686019027979918      /nix/store/4nlgxhb09sdr51nc9hdm8az5b08vzkgx-glibc-2.35-163/lib/libc.so.6
7f90e3abc000-7f90e3c32000 r-xp 00028000 00:1ce6 4611686019027979918      /nix/store/4nlgxhb09sdr51nc9hdm8az5b08vzkgx-glibc-2.35-163/lib/libc.so.6
7f90e3c32000-7f90e3c8a000 r--p 0019e000 00:1ce6 4611686019027979918      /nix/store/4nlgxhb09sdr51nc9hdm8az5b08vzkgx-glibc-2.35-163/lib/libc.so.6
7f90e3c8a000-7f90e3c8e000 r--p 001f6000 00:1ce6 4611686019027979918      /nix/store/4nlgxhb09sdr51nc9hdm8az5b08vzkgx-glibc-2.35-163/lib/libc.so.6
7f90e3c8e000-7f90e3c90000 rw-p 001fa000 00:1ce6 4611686019027979918      /nix/store/4nlgxhb09sdr51nc9hdm8az5b08vzkgx-glibc-2.35-163/lib/libc.so.6
7f90e3c90000-7f90e3c9f000 rw-p 00000000 00:00 0 
7f90e3c9f000-7f90e3ca0000 r--p 00000000 00:1ce6 4611686019027979923      /nix/store/4nlgxhb09sdr51nc9hdm8az5b08vzkgx-glibc-2.35-163/lib/libdl.so.2
7f90e3ca0000-7f90e3ca1000 r-xp 00001000 00:1ce6 4611686019027979923      /nix/store/4nlgxhb09sdr51nc9hdm8az5b08vzkgx-glibc-2.35-163/lib/libdl.so.2
7f90e3ca1000-7f90e3ca2000 r--p 00002000 00:1ce6 4611686019027979923      /nix/store/4nlgxhb09sdr51nc9hdm8az5b08vzkgx-glibc-2.35-163/lib/libdl.so.2
7f90e3ca2000-7f90e3ca3000 r--p 00002000 00:1ce6 4611686019027979923      /nix/store/4nlgxhb09sdr51nc9hdm8az5b08vzkgx-glibc-2.35-163/lib/libdl.so.2
7f90e3ca3000-7f90e3ca4000 rw-p 00003000 00:1ce6 4611686019027979923      /nix/store/4nlgxhb09sdr51nc9hdm8az5b08vzkgx-glibc-2.35-163/lib/libdl.so.2
7f90e3ca4000-7f90e3ca5000 r--p 00000000 00:1ce6 4611686019027979942      /nix/store/4nlgxhb09sdr51nc9hdm8az5b08vzkgx-glibc-2.35-163/lib/libpthread.so.0
7f90e3ca5000-7f90e3ca6000 r-xp 00001000 00:1ce6 4611686019027979942      /nix/store/4nlgxhb09sdr51nc9hdm8az5b08vzkgx-glibc-2.35-163/lib/libpthread.so.0
7f90e3ca6000-7f90e3ca7000 r--p 00002000 00:1ce6 4611686019027979942      /nix/store/4nlgxhb09sdr51nc9hdm8az5b08vzkgx-glibc-2.35-163/lib/libpthread.so.0
7f90e3ca7000-7f90e3ca8000 r--p 00002000 00:1ce6 4611686019027979942      /nix/store/4nlgxhb09sdr51nc9hdm8az5b08vzkgx-glibc-2.35-163/lib/libpthread.so.0
7f90e3ca8000-7f90e3ca9000 rw-p 00003000 00:1ce6 4611686019027979942      /nix/store/4nlgxhb09sdr51nc9hdm8az5b08vzkgx-glibc-2.35-163/lib/libpthread.so.0
7f90e3ca9000-7f90e3cb7000 r-xp 00000000 00:1ce6 4611686019135190033      /nix/store/gpxl5qgg8kicmcvivwmybwjlpf7wh20l-graalvm17-ce-22.3.0/lib/libjli.so
7f90e3cb7000-7f90e3cb8000 ---p 0000e000 00:1ce6 4611686019135190033      /nix/store/gpxl5qgg8kicmcvivwmybwjlpf7wh20l-graalvm17-ce-22.3.0/lib/libjli.so
7f90e3cb8000-7f90e3cb9000 r--p 0000e000 00:1ce6 4611686019135190033      /nix/store/gpxl5qgg8kicmcvivwmybwjlpf7wh20l-graalvm17-ce-22.3.0/lib/libjli.so
7f90e3cb9000-7f90e3cba000 rw-p 0000f000 00:1ce6 4611686019135190033      /nix/store/gpxl5qgg8kicmcvivwmybwjlpf7wh20l-graalvm17-ce-22.3.0/lib/libjli.so
7f90e3cba000-7f90e3cbb000 rw-p 00012000 00:1ce6 4611686019135190033      /nix/store/gpxl5qgg8kicmcvivwmybwjlpf7wh20l-graalvm17-ce-22.3.0/lib/libjli.so
7f90e3cbb000-7f90e3cbe000 r--p 00000000 00:1ce6 4611686019106210071      /nix/store/026hln0aq1hyshaxsdvhg0kmcm6yf45r-zlib-1.2.13/lib/libz.so.1.2.13
7f90e3cbe000-7f90e3cd0000 r-xp 00003000 00:1ce6 4611686019106210071      /nix/store/026hln0aq1hyshaxsdvhg0kmcm6yf45r-zlib-1.2.13/lib/libz.so.1.2.13
7f90e3cd0000-7f90e3cd7000 r--p 00015000 00:1ce6 4611686019106210071      /nix/store/026hln0aq1hyshaxsdvhg0kmcm6yf45r-zlib-1.2.13/lib/libz.so.1.2.13
7f90e3cd7000-7f90e3cd8000 r--p 0001b000 00:1ce6 4611686019106210071      /nix/store/026hln0aq1hyshaxsdvhg0kmcm6yf45r-zlib-1.2.13/lib/libz.so.1.2.13
7f90e3cd8000-7f90e3cd9000 rw-p 0001c000 00:1ce6 4611686019106210071      /nix/store/026hln0aq1hyshaxsdvhg0kmcm6yf45r-zlib-1.2.13/lib/libz.so.1.2.13
7f90e3cd9000-7f90e3cdb000 rw-p 00000000 00:00 0 
7f90e3cdb000-7f90e3cdd000 r--p 00000000 00:1ce6 4611686019027979912      /nix/store/4nlgxhb09sdr51nc9hdm8az5b08vzkgx-glibc-2.35-163/lib/ld-linux-x86-64.so.2
7f90e3cdd000-7f90e3d04000 r-xp 00002000 00:1ce6 4611686019027979912      /nix/store/4nlgxhb09sdr51nc9hdm8az5b08vzkgx-glibc-2.35-163/lib/ld-linux-x86-64.so.2
7f90e3d04000-7f90e3d10000 r--p 00029000 00:1ce6 4611686019027979912      /nix/store/4nlgxhb09sdr51nc9hdm8az5b08vzkgx-glibc-2.35-163/lib/ld-linux-x86-64.so.2
7f90e3d10000-7f90e3d12000 r--p 00034000 00:1ce6 4611686019027979912      /nix/store/4nlgxhb09sdr51nc9hdm8az5b08vzkgx-glibc-2.35-163/lib/ld-linux-x86-64.so.2
7f90e3d12000-7f90e3d14000 rw-p 00036000 00:1ce6 4611686019027979912      /nix/store/4nlgxhb09sdr51nc9hdm8az5b08vzkgx-glibc-2.35-163/lib/ld-linux-x86-64.so.2
7ffd51c85000-7ffd51ca9000 rw-p 00000000 00:00 0                          [stack]
7ffd51d8d000-7ffd51d91000 r--p 00000000 00:00 0                          [vvar]
7ffd51d91000-7ffd51d93000 r-xp 00000000 00:00 0                          [vdso]
ffffffffff600000-ffffffffff601000 --xp 00000000 00:00 0                  [vsyscall]


VM Arguments:
jvm_args: -XX:ThreadPriorityPolicy=1 -XX:+UnlockExperimentalVMOptions -XX:+EnableJVMCIProduct -XX:JVMCIThreadsPerNativeLibraryRuntime=1 -XX:-UnlockExperimentalVMOptions -Declipse.application=org.eclipse.jdt.ls.core.id1 -Dosgi.bundles.defaultStartLevel=4 -Declipse.product=org.eclipse.jdt.ls.core.product -Dlog.level=ALL -Xverify:none -XX:+UseParallelGC -XX:GCTimeRatio=4 -XX:AdaptiveSizePolicyWeight=90 -Dsun.zip.disableMemoryMapping=true -Xmx512m -Xms100m 
java_command: /nix/store/m6gcpi1ii6rghy04cjwjddcavv7i90df-jdt-language-server-1.9.0/share/java/plugins/org.eclipse.equinox.launcher_1.6.400.v20210924-0641.jar --add-modules=ALL-SYSTEM --add-opens java.base/java.util=ALL-UNNAMED --add-opens java.base/java.lang=ALL-UNNAMED -configuration /home/runner/.cache/jdt-language-server/config -data /home/runner/.cache/jdt-language-server/data/home/runner/41
java_class_path (initial): /nix/store/m6gcpi1ii6rghy04cjwjddcavv7i90df-jdt-language-server-1.9.0/share/java/plugins/org.eclipse.equinox.launcher_1.6.400.v20210924-0641.jar
Launcher Type: SUN_STANDARD

[Global flags]
    uintx AdaptiveSizePolicyWeight                 = 90                                        {product} {command line}
     intx CICompilerCount                          = 2                                         {product} {ergonomic}
     bool EnableJVMCIProduct                       = true                                {JVMCI product} {jimage}
    uintx GCTimeRatio                              = 4                                         {product} {command line}
   size_t InitialHeapSize                          = 104857600                                 {product} {command line}
     uint JVMCIThreadsPerNativeLibraryRuntime      = 1                                   {JVMCI product} {jimage}
   size_t MaxHeapSize                              = 536870912                                 {product} {command line}
   size_t MaxNewSize                               = 178782208                                 {product} {ergonomic}
   size_t MinHeapDeltaBytes                        = 524288                                    {product} {ergonomic}
   size_t MinHeapSize                              = 104857600                                 {product} {command line}
   size_t NewSize                                  = 34603008                                  {product} {ergonomic}
    uintx NonNMethodCodeHeapSize                   = 5826188                                {pd product} {ergonomic}
    uintx NonProfiledCodeHeapSize                  = 122916026                              {pd product} {ergonomic}
   size_t OldSize                                  = 70254592                                  {product} {ergonomic}
    uintx ProfiledCodeHeapSize                     = 122916026                              {pd product} {ergonomic}
    uintx ReservedCodeCacheSize                    = 251658240                              {pd product} {ergonomic}
     bool SegmentedCodeCache                       = true                                      {product} {ergonomic}
   size_t SoftMaxHeapSize                          = 536870912                              {manageable} {ergonomic}
     intx ThreadPriorityPolicy                     = 1                                         {product} {jimage}
     bool UseCompressedClassPointers               = true                           {product lp64_product} {ergonomic}
     bool UseCompressedOops                        = true                           {product lp64_product} {ergonomic}
     bool UseParallelGC                            = true                                      {product} {command line}

Logging:
Log output configuration:
 #0: stdout all=warning uptime,level,tags
 #1: stderr all=off uptime,level,tags

Environment Variables:
JAVA_HOME=/nix/store/gpxl5qgg8kicmcvivwmybwjlpf7wh20l-graalvm17-ce-22.3.0
PATH=/nix/store/1d6ian3r8kdzspw8hacjhl3xkp40g1lj-binutils-wrapper-2.39/bin:/nix/store/dq0xwmsk1g0i2ayg6pb7y87na2knzylh-gcc-wrapper-11.3.0/bin:/nix/store/bap4d0lpcrhpwmpb8ayjcgkmvfj62lnq-bash-interactive-5.1-p16/bin:/nix/store/pr5n59mb4jzmfx6kanwxly0l07p861fg-patchelf-0.15.0/bin:/nix/store/1gf2flfqnpqbr1b4p4qz2f72y42bs56r-gcc-11.3.0/bin:/nix/store/57xv61c5zi8pphjbcwxxjlgc34p61ic9-glibc-2.35-163-bin/bin:/nix/store/a7gvj343m05j2s32xcnwr35v31ynlypr-coreutils-9.1/bin:/nix/store/039g378vc3pc3dvi9dzdlrd0i4q93qwf-binutils-2.39/bin:/nix/store/gpxl5qgg8kicmcvivwmybwjlpf7wh20l-graalvm17-ce-22.3.0/bin:/nix/store/6z9ag3ihc8mq2hzsw48lhbznvzny65nz-apache-maven-3.8.6/bin:/nix/store/m6gcpi1ii6rghy04cjwjddcavv7i90df-jdt-language-server-1.9.0/bin:/nix/store/84xs5alhs01zrbr4ywm05kxbjbp5590l-java-debug/bin:/nix/store/mydc6f4k2z73xlcz7ilif3v2lcaiqvza-findutils-4.9.0/bin:/nix/store/j9p3g8472iijd50vhdprx0nmk2fqn5gv-diffutils-3.8/bin:/nix/store/89zs7rms6x00xfq4dq6m7mjnhkr8a6r4-gnused-4.8/bin:/nix/store/86bp03jkmsl6f92w0yzg4s59g5mhxwmy-gnugrep-3.7/bin:/nix/store/hwcdqw4jrjnd37wxqgsd47hd0j8bnj09-gawk-5.1.1/bin:/nix/store/cfbhw8r8ags41vwqaz47r583d0p4h4a1-gnutar-1.34/bin:/nix/store/p3m1ndl1lapwrlh698bnb5lvvxh67378-gzip-1.12/bin:/nix/store/a8mhcagrsly7c7mpjrpsnaahk4aax056-bzip2-1.0.8-bin/bin:/nix/store/mblgz65m3zv9x548a3d5m96fj2pbwr09-gnumake-4.3/bin:/nix/store/dsd5gz46hdbdk2rfdimqddhq6m8m8fqs-bash-5.1-p16/bin:/nix/store/v7ljksji50mg3w61dykaa3n3y79n6nil-patch-2.7.6/bin:/nix/store/zlcnmqq14jz5x9439jf937mvayyl63da-xz-5.2.7-bin/bin:/nix/store/y6aj732zm9m87c82fpvf103a1xb22blp-file-5.43/bin:/nix/store/i4kzir3m7mrisxmf5xvlnkw01x4qaqr4-prybar-elisp-0.0.0-e0d9a52/bin:/nix/store/lwwivxf6h7x3cvxp9zv8sj0mv7dak99r-prybar-lua-0.0.0-e0d9a52/bin:/nix/store/gxj28g1cg4hq3qanmjv07156h800qr58-prybar-python3-0.0.0-e0d9a52/bin:/nix/store/hshkjnxrgidigf8x75vg6lqng2xlx9i3-prybar-sqlite-0.0.0-e0d9a52/bin:/nix/store/c4w01bpjgyy5ixmwdk8m1pw87zq4sl26-prybar-tcl-0.0.0-e0d9a52/bin:/nix/store/hpbvrlwd5viqmvcaisb3x0118i913a9n-st
LD_LIBRARY_PATH=/nix/store/a4pff549sk2idnkpzk5nsfps3mdkdnvm-cups-2.4.2-lib/lib:/nix/store/72mqxxhh3cy5yifh92wh2yb8cl2hikyy-cairo-1.16.0/lib:/nix/store/2k366jrbsra97gjfxwvrhvixjfxdach5-glib-2.74.1/lib:/nix/store/2j2znigd8ak37rlwh9khz0ry3clqlw1l-gtk+3-3.24.34/lib:/nix/store/hisqvx32cd57apbpcsnkpx6k3549wql1-libglvnd-1.4.0/lib:/nix/store/p36pgcv991mq5srvg765b78yqpxvk3qs-mesa-21.3.3-drivers/lib:/nix/store/mav4251if1ahjq5vkpwycyyvnmy459c4-pulseaudio-14.2/lib
DISPLAY=:0
LANG=en_US.UTF-8

Signal Handlers:
   SIGSEGV: crash_handler in libjvm.so, mask=11100100010111111101111111111110, flags=SA_RESTART|SA_SIGINFO
    SIGBUS: crash_handler in libjvm.so, mask=11100100010111111101111111111110, flags=SA_RESTART|SA_SIGINFO
    SIGFPE: crash_handler in libjvm.so, mask=11100100010111111101111111111110, flags=SA_RESTART|SA_SIGINFO
   SIGPIPE: IsolateEnterStub_IgnoreSIGPIPEStartupHook_noopSignalHandler_8f19bff2f35b5f630d83b364d6b2339320d4ec70_216e8361c6bc87a8f89f58cc10d3b2fd4415bf87 in libjvmcicompiler.so, mask=00000000000000000000000000000000, flags=SA_RESTART
  *** Handler was modified!
  *** Expected: javaSignalHandler in libjvm.so, mask=11100100110111111111111111111110, flags=SA_RESTART|SA_SIGINFO
   SIGXFSZ: javaSignalHandler in libjvm.so, mask=11100100010111111101111111111110, flags=SA_RESTART|SA_SIGINFO
    SIGILL: crash_handler in libjvm.so, mask=11100100010111111101111111111110, flags=SA_RESTART|SA_SIGINFO
   SIGUSR2: SR_handler in libjvm.so, mask=00000000000000000000000000000000, flags=SA_RESTART|SA_SIGINFO
    SIGHUP: UserHandler in libjvm.so, mask=11100100010111111101111111111110, flags=SA_RESTART|SA_SIGINFO
    SIGINT: UserHandler in libjvm.so, mask=11100100010111111101111111111110, flags=SA_RESTART|SA_SIGINFO
   SIGTERM: UserHandler in libjvm.so, mask=11100100010111111101111111111110, flags=SA_RESTART|SA_SIGINFO
   SIGQUIT: UserHandler in libjvm.so, mask=11100100010111111101111111111110, flags=SA_RESTART|SA_SIGINFO
  *** Handler was modified!
  *** Expected: javaSignalHandler in libjvm.so, mask=11100100110111111111111111111110, flags=SA_RESTART|SA_SIGINFO
   SIGTRAP: crash_handler in libjvm.so, mask=11100100010111111101111111111110, flags=SA_RESTART|SA_SIGINFO


---------------  S Y S T E M  ---------------

OS:
DISTRIB_ID=Ubuntu
DISTRIB_RELEASE=20.04
DISTRIB_CODENAME=focal
DISTRIB_DESCRIPTION="Ubuntu 20.04.2 LTS"
uname: Linux 5.19.0-1022-gcp #24~22.04.1-Ubuntu SMP Sun Apr 23 09:51:08 UTC 2023 x86_64
OS uptime: 0 days 3:25 hours
libc: glibc 2.35 NPTL 2.35 
rlimit (soft/hard): STACK 8192k/infinity , CORE infinity/infinity , NPROC infinity/infinity , NOFILE 5242/5242 , AS infinity/infinity , CPU infinity/infinity , DATA infinity/infinity , FSIZE infinity/infinity , MEMLOCK 8192k/8192k
load average: 14.29 13.01 12.57

/proc/meminfo:
MemTotal:       65852256 kB
MemFree:        14917108 kB
MemAvailable:   45269976 kB
Buffers:         2271380 kB
Cached:         26983068 kB
SwapCached:            0 kB
Active:          9803016 kB
Inactive:       37314616 kB
Active(anon):      16760 kB
Inactive(anon): 17696576 kB
Active(file):    9786256 kB
Inactive(file): 19618040 kB
Unevictable:       55996 kB
Mlocked:           55996 kB
SwapTotal:             0 kB
SwapFree:              0 kB
Zswap:                 0 kB
Zswapped:              0 kB
Dirty:              6452 kB
Writeback:             0 kB
AnonPages:      17443868 kB
Mapped:          1869604 kB
Shmem:             63180 kB
KReclaimable:    1675172 kB
Slab:            2751456 kB
SReclaimable:    1675172 kB
SUnreclaim:      1076284 kB
KernelStack:      434560 kB
PageTables:       185288 kB
NFS_Unstable:          0 kB
Bounce:                0 kB
WritebackTmp:          0 kB
CommitLimit:    32926128 kB
Committed_AS:   67398536 kB
VmallocTotal:   34359738367 kB
VmallocUsed:      475148 kB
VmallocChunk:          0 kB
Percpu:            52096 kB
HardwareCorrupted:     0 kB
AnonHugePages:   4562944 kB
ShmemHugePages:        0 kB
ShmemPmdMapped:        0 kB
FileHugePages:         0 kB
FilePmdMapped:         0 kB
HugePages_Total:       0
HugePages_Free:        0
HugePages_Rsvd:        0
HugePages_Surp:        0
Hugepagesize:       2048 kB
Hugetlb:               0 kB
DirectMap4k:     4088632 kB
DirectMap2M:    50434048 kB
DirectMap1G:    14680064 kB

/sys/kernel/mm/transparent_hugepage/enabled: always [madvise] never
/sys/kernel/mm/transparent_hugepage/defrag (defrag/compaction efforts parameter): always defer defer+madvise [madvise] never

Process Memory:
Virtual Size: 4862804K (peak: 4898620K)
Resident Set Size: 720384K (peak: 820740K) (anon: 523032K, file: 197352K, shmem: 0K)
Swapped out: 0K
C-Heap outstanding allocations: 43146K, retained: 11889K
glibc malloc tunables: (default)

/proc/sys/kernel/threads-max (system-wide limit on the number of threads): 514406
/proc/sys/vm/max_map_count (maximum number of memory map areas a process may have): 65530
/proc/sys/kernel/pid_max (system-wide limit on number of process identifiers): 4194304

container (cgroup) information:
container_type: cgroupv1
cpu_cpuset_cpus: 2-7
cpu_memory_nodes: 0
active_processor_count: 1
cpu_quota: 50000
cpu_period: 100000
cpu_shares: 512
memory_limit_in_bytes: 1048576 k
memory_and_swap_limit_in_bytes: 1048576 k
memory_soft_limit_in_bytes: 524288 k
memory_usage_in_bytes: 963512 k
memory_max_usage_in_bytes: 1048576 k
maximum number of tasks: 1000
current number of tasks: 53

KVM virtualization detected
Steal ticks since vm start: 0
Steal ticks percentage since vm start:  0.000

CPU: total 8 (initial active 1) (8 cores per cpu, 2 threads per core) family 23 model 49 stepping 0 microcode 0xffffffff, cx8, cmov, fxsr, ht, mmx, 3dnowpref, sse, sse2, sse3, ssse3, sse4a, sse4.1, sse4.2, popcnt, lzcnt, tsc, tscinvbit, avx, avx2, aes, clmul, bmi1, bmi2, adx, sha, fma, vzeroupper, clflush, clflushopt, hv
CPU Model and flags from /proc/cpuinfo:
model name	: AMD EPYC 7B12
flags		: fpu vme de pse tsc msr pae mce cx8 apic sep mtrr pge mca cmov pat pse36 clflush mmx fxsr sse sse2 ht syscall nx mmxext fxsr_opt pdpe1gb rdtscp lm constant_tsc rep_good nopl nonstop_tsc cpuid extd_apicid tsc_known_freq pni pclmulqdq ssse3 fma cx16 sse4_1 sse4_2 movbe popcnt aes xsave avx f16c rdrand hypervisor lahf_lm cmp_legacy cr8_legacy abm sse4a misalignsse 3dnowprefetch osvw topoext ssbd ibrs ibpb stibp vmmcall fsgsbase tsc_adjust bmi1 avx2 smep bmi2 rdseed adx smap clflushopt clwb sha_ni xsaveopt xsavec xgetbv1 clzero xsaveerptr arat npt nrip_save umip rdpid

Online cpus: 0-7
Offline cpus: 
BIOS frequency limitation: <Not Available>
Frequency switch latency (ns): <Not Available>
Available cpu frequencies: <Not Available>
Current governor: <Not Available>
Core performance/turbo boost: <Not Available>

Memory: 4k page, physical 1048576k(85056k free), swap 0k(0k free)
Page Sizes: 4k

vm_info: OpenJDK 64-Bit Server VM (17.0.5+8-jvmci-22.3-b08) for linux-amd64 JRE (17.0.5+8-jvmci-22.3-b08), built on Oct 19 2022 09:01:27 by "buildslave" with gcc 10.3.0

END.
